[ 2017-02-06T16:18:26+08:00 ] 127.0.0.1 /
INFO: [ app_init ] --START--
INFO: Run Behavior\BuildLiteBehavior [ RunTime:0.000024s ]
INFO: [ app_init ] --END-- [ RunTime:0.000348s ]
INFO: [ app_begin ] --START--
INFO: Run Behavior\ReadHtmlCacheBehavior [ RunTime:0.000855s ]
INFO: [ app_begin ] --END-- [ RunTime:0.000956s ]
NOTIC: [8192] mysql_connect(): The mysql extension is deprecated and will be removed in the future: use mysqli or PDO instead E:\www\www.fjsxpmh.com\ThinkPHP\Library\Think\Db\Driver\Mysql.class.php 第 52 行.
SQL: SHOW COLUMNS FROM `on_auction` [ RunTime:0.000935s ]
SQL: SHOW COLUMNS FROM `on_goods` [ RunTime:0.000729s ]
SQL: SHOW COLUMNS FROM `on_member` [ RunTime:0.000818s ]
SQL: SHOW COLUMNS FROM `on_special_auction` [ RunTime:0.000597s ]
SQL: SHOW COLUMNS FROM `on_meeting_auction` [ RunTime:0.000673s ]
SQL: SELECT Auction.pid AS pid,Auction.gid AS gid,Auction.bidnb AS bidnb,Auction.type AS type,Auction.status AS status,Auction.pname AS pname,Auction.onset AS onset,Auction.price AS price,Auction.nowprice AS nowprice,Auction.freight AS freight,Auction.pledge_type AS pledge_type,Auction.pledge AS pledge,Auction.broker_type AS broker_type,Auction.broker AS broker,Auction.stepsize_type AS stepsize_type,Auction.stepsize AS stepsize,Auction.starttime AS starttime,Auction.endtime AS endtime,Auction.uid AS uid,Auction.bidcount AS bidcount,Auction.endstatus AS endstatus,Auction.steptime AS steptime,Auction.deferred AS deferred,Auction.clcount AS clcount,Auction.pattern AS pattern,Auction.sid AS sid,Auction.mid AS mid,Auction.msort AS msort,Auction.succtype AS succtype,Auction.succprice AS succprice,Auction.agency_uid AS agency_uid,Auction.agency_price AS agency_price,Goods.cid AS cid,Goods.aid AS aid,Goods.keywords AS keywords,Goods.filtrate AS filtrate,Goods.pictures AS pictures,Goods.province AS province,Goods.city AS city,Goods.area AS area,Goods.description AS description,Goods.content AS content,Goods.sellerid AS sellerid,Member.organization AS organization,Member.intro AS intro,Member.score AS score,Special_auction.spledge AS spledge,Meeting_auction.mpledge AS mpledge FROM on_auction Auction LEFT JOIN on_goods Goods ON Auction.gid = Goods.id LEFT JOIN on_member Member ON Goods.sellerid = Member.uid LEFT JOIN on_special_auction Special_auction ON Auction.sid = Special_auction.sid LEFT JOIN on_meeting_auction Meeting_auction ON Auction.mid = Meeting_auction.mid WHERE ( Auction.endtime < 1486369106 ) AND ( Auction.endstatus = 0 )  [ RunTime:0.000845s ]
SQL: SHOW COLUMNS FROM `on_goods_category` [ RunTime:0.000570s ]
SQL: SELECT * FROM `on_goods_category` WHERE ( `pid` = 0 ) ORDER BY sort desc  [ RunTime:0.000434s ]
SQL: SHOW COLUMNS FROM `on_goods_category` [ RunTime:0.000527s ]
SQL: SELECT * FROM `on_goods_category` WHERE ( pid=0 ) ORDER BY sort desc  [ RunTime:0.000355s ]
SQL: SHOW COLUMNS FROM `on_goods_category` [ RunTime:0.000804s ]
SQL: SELECT * FROM `on_goods_category` ORDER BY sort desc  [ RunTime:0.000531s ]
SQL: SELECT Auction.pid AS pid,Auction.gid AS gid,Auction.bidnb AS bidnb,Auction.type AS type,Auction.status AS status,Auction.pname AS pname,Auction.onset AS onset,Auction.price AS price,Auction.nowprice AS nowprice,Auction.freight AS freight,Auction.pledge_type AS pledge_type,Auction.pledge AS pledge,Auction.broker_type AS broker_type,Auction.broker AS broker,Auction.stepsize_type AS stepsize_type,Auction.stepsize AS stepsize,Auction.starttime AS starttime,Auction.endtime AS endtime,Auction.uid AS uid,Auction.bidcount AS bidcount,Auction.endstatus AS endstatus,Auction.steptime AS steptime,Auction.deferred AS deferred,Auction.clcount AS clcount,Auction.pattern AS pattern,Auction.sid AS sid,Auction.mid AS mid,Auction.msort AS msort,Auction.succtype AS succtype,Auction.succprice AS succprice,Auction.agency_uid AS agency_uid,Auction.agency_price AS agency_price,Goods.cid AS cid,Goods.aid AS aid,Goods.keywords AS keywords,Goods.filtrate AS filtrate,Goods.pictures AS pictures,Goods.province AS province,Goods.city AS city,Goods.area AS area,Goods.description AS description,Goods.content AS content,Goods.sellerid AS sellerid,Member.organization AS organization,Member.intro AS intro,Member.score AS score,Special_auction.spledge AS spledge,Meeting_auction.mpledge AS mpledge FROM on_auction Auction LEFT JOIN on_goods Goods ON Auction.gid = Goods.id LEFT JOIN on_member Member ON Goods.sellerid = Member.uid LEFT JOIN on_special_auction Special_auction ON Auction.sid = Special_auction.sid LEFT JOIN on_meeting_auction Meeting_auction ON Auction.mid = Meeting_auction.mid WHERE ( Auction.starttime <= 1486369106 ) AND ( Auction.endtime >= 1486369106 ) AND ( Goods.cid IN ('68','67','54','55','56','57','58','59','60','61','62','63','64','65','66','2') ) ORDER BY Auction.bidcount desc,Auction.endtime ASC LIMIT 12   [ RunTime:0.000627s ]
SQL: SELECT * FROM `on_goods_category` ORDER BY sort desc  [ RunTime:0.000465s ]
SQL: SELECT Auction.pid AS pid,Auction.gid AS gid,Auction.bidnb AS bidnb,Auction.type AS type,Auction.status AS status,Auction.pname AS pname,Auction.onset AS onset,Auction.price AS price,Auction.nowprice AS nowprice,Auction.freight AS freight,Auction.pledge_type AS pledge_type,Auction.pledge AS pledge,Auction.broker_type AS broker_type,Auction.broker AS broker,Auction.stepsize_type AS stepsize_type,Auction.stepsize AS stepsize,Auction.starttime AS starttime,Auction.endtime AS endtime,Auction.uid AS uid,Auction.bidcount AS bidcount,Auction.endstatus AS endstatus,Auction.steptime AS steptime,Auction.deferred AS deferred,Auction.clcount AS clcount,Auction.pattern AS pattern,Auction.sid AS sid,Auction.mid AS mid,Auction.msort AS msort,Auction.succtype AS succtype,Auction.succprice AS succprice,Auction.agency_uid AS agency_uid,Auction.agency_price AS agency_price,Goods.cid AS cid,Goods.aid AS aid,Goods.keywords AS keywords,Goods.filtrate AS filtrate,Goods.pictures AS pictures,Goods.province AS province,Goods.city AS city,Goods.area AS area,Goods.description AS description,Goods.content AS content,Goods.sellerid AS sellerid,Member.organization AS organization,Member.intro AS intro,Member.score AS score,Special_auction.spledge AS spledge,Meeting_auction.mpledge AS mpledge FROM on_auction Auction LEFT JOIN on_goods Goods ON Auction.gid = Goods.id LEFT JOIN on_member Member ON Goods.sellerid = Member.uid LEFT JOIN on_special_auction Special_auction ON Auction.sid = Special_auction.sid LEFT JOIN on_meeting_auction Meeting_auction ON Auction.mid = Meeting_auction.mid WHERE ( Auction.starttime <= 1486369106 ) AND ( Auction.endtime >= 1486369106 ) AND ( Goods.cid IN ('3','69','70','71','7','8','9','10','11','12','13','14','15','16','17','18','19','20','21','22','23','24','25','26','27','28','29','30','31','32','33','34','35','36','37','38','39','40','41','42','43','44','45','46','47','48','49','50','51','52','53','4','5','6','1') ) ORDER BY Auction.bidcount desc,Auction.endtime ASC LIMIT 12   [ RunTime:0.000653s ]
SQL: SHOW COLUMNS FROM `on_category` [ RunTime:0.000549s ]
SQL: SELECT `name` FROM `on_category` WHERE ( `cid` = 2 ) LIMIT 1   [ RunTime:0.000430s ]
SQL: SELECT `name` FROM `on_category` WHERE ( `cid` = 3 ) LIMIT 1   [ RunTime:0.000412s ]
SQL: SELECT Auction.pid AS pid,Auction.gid AS gid,Auction.bidnb AS bidnb,Auction.type AS type,Auction.status AS status,Auction.pname AS pname,Auction.onset AS onset,Auction.price AS price,Auction.nowprice AS nowprice,Auction.freight AS freight,Auction.pledge_type AS pledge_type,Auction.pledge AS pledge,Auction.broker_type AS broker_type,Auction.broker AS broker,Auction.stepsize_type AS stepsize_type,Auction.stepsize AS stepsize,Auction.starttime AS starttime,Auction.endtime AS endtime,Auction.uid AS uid,Auction.bidcount AS bidcount,Auction.endstatus AS endstatus,Auction.steptime AS steptime,Auction.deferred AS deferred,Auction.clcount AS clcount,Auction.pattern AS pattern,Auction.sid AS sid,Auction.mid AS mid,Auction.msort AS msort,Auction.succtype AS succtype,Auction.succprice AS succprice,Auction.agency_uid AS agency_uid,Auction.agency_price AS agency_price,Goods.cid AS cid,Goods.aid AS aid,Goods.keywords AS keywords,Goods.filtrate AS filtrate,Goods.pictures AS pictures,Goods.province AS province,Goods.city AS city,Goods.area AS area,Goods.description AS description,Goods.content AS content,Goods.sellerid AS sellerid,Member.organization AS organization,Member.intro AS intro,Member.score AS score,Special_auction.spledge AS spledge,Meeting_auction.mpledge AS mpledge FROM on_auction Auction LEFT JOIN on_goods Goods ON Auction.gid = Goods.id LEFT JOIN on_member Member ON Goods.sellerid = Member.uid LEFT JOIN on_special_auction Special_auction ON Auction.sid = Special_auction.sid LEFT JOIN on_meeting_auction Meeting_auction ON Auction.mid = Meeting_auction.mid WHERE ( Auction.nowprice>=Auction.price ) AND ( Auction.endtime <= 1486369106 ) AND ( Auction.uid <> 0 ) AND ( Auction.endstatus <> 4 ) ORDER BY Auction.endtime desc LIMIT 8   [ RunTime:0.001773s ]
SQL: SHOW COLUMNS FROM `on_link` [ RunTime:0.001060s ]
SQL: SELECT * FROM `on_link` WHERE ( rec = 1 ) ORDER BY sort desc  [ RunTime:0.000778s ]
SQL: SELECT * FROM `on_link` WHERE ( rec = 0 ) ORDER BY sort desc  [ RunTime:0.000569s ]
INFO: [ view_parse ] --START--
SQL: SHOW COLUMNS FROM `on_navigation` [ RunTime:0.000876s ]
SQL: SELECT * FROM `on_navigation` WHERE ( `pid` = 3 ) ORDER BY sort desc LIMIT 5   [ RunTime:0.000357s ]
SQL: SELECT * FROM `on_navigation` WHERE ( `pid` = 11 ) ORDER BY sort desc  [ RunTime:0.000312s ]
SQL: SELECT * FROM `on_navigation` WHERE ( `pid` = 14 ) ORDER BY sort desc  [ RunTime:0.000297s ]
SQL: SELECT * FROM `on_navigation` WHERE ( `pid` = 17 ) ORDER BY sort desc  [ RunTime:0.000501s ]
SQL: SELECT * FROM `on_navigation` WHERE ( `pid` = 21 ) ORDER BY sort desc  [ RunTime:0.000383s ]
SQL: SELECT * FROM `on_navigation` WHERE ( `pid` = 1 ) ORDER BY sort desc LIMIT 5   [ RunTime:0.000316s ]
SQL: SELECT * FROM `on_navigation` WHERE ( `pid` = 4 ) ORDER BY sort desc  [ RunTime:0.000278s ]
SQL: SELECT * FROM `on_navigation` WHERE ( `pid` = 2 ) ORDER BY sort desc LIMIT 10   [ RunTime:0.000261s ]
SQL: SELECT * FROM `on_navigation` WHERE ( `pid` = 6 ) ORDER BY sort desc  [ RunTime:0.000246s ]
SQL: SELECT * FROM `on_navigation` WHERE ( `pid` = 7 ) ORDER BY sort desc  [ RunTime:0.000241s ]
SQL: SELECT * FROM `on_navigation` WHERE ( `pid` = 8 ) ORDER BY sort desc  [ RunTime:0.000263s ]
SQL: SELECT * FROM `on_navigation` WHERE ( `pid` = 9 ) ORDER BY sort desc  [ RunTime:0.000239s ]
SQL: SELECT * FROM `on_navigation` WHERE ( `pid` = 28 ) ORDER BY sort desc  [ RunTime:0.000335s ]
INFO: [ template_filter ] --START--
INFO: Run Behavior\ContentReplaceBehavior [ RunTime:0.000330s ]
INFO: [ template_filter ] --END-- [ RunTime:0.000430s ]
NOTIC: [8] Undefined index: summary E:\www\www.fjsxpmh.com\Application\Runtime\Cache\Home\f1ed81fd8b2cfad78cc6d73deb529dc3.php 第 45 行.
NOTIC: [8] Undefined index: tel E:\www\www.fjsxpmh.com\Application\Runtime\Cache\Home\f1ed81fd8b2cfad78cc6d73deb529dc3.php 第 59 行.
SQL: SHOW COLUMNS FROM `on_advertising_position` [ RunTime:0.000863s ]
SQL: SHOW COLUMNS FROM `on_advertising` [ RunTime:0.000556s ]
SQL: SELECT * FROM `on_advertising_position` WHERE ( `tagname` = 'web_logo' ) LIMIT 1   [ RunTime:0.000377s ]
SQL: SELECT * FROM `on_advertising` WHERE ( `status` = 1 ) AND ( `pid` = '1' ) AND ( ((adv_start_time <='1486369106' and adv_end_time >='1486369106') or (adv_start_time =0 and adv_end_time = 0 ) or (adv_start_time <='1486369106' and adv_end_time = 0 ) or (adv_start_time =0 and adv_end_time >='1486369106' )) ) ORDER BY sort desc,id asc  [ RunTime:0.000453s ]
SQL: SELECT * FROM `on_advertising_position` WHERE ( `tagname` = 'web_logo_right' ) LIMIT 1   [ RunTime:0.000311s ]
SQL: SELECT * FROM `on_advertising` WHERE ( `status` = 1 ) AND ( `pid` = '3' ) AND ( ((adv_start_time <='1486369106' and adv_end_time >='1486369106') or (adv_start_time =0 and adv_end_time = 0 ) or (adv_start_time <='1486369106' and adv_end_time = 0 ) or (adv_start_time =0 and adv_end_time >='1486369106' )) ) ORDER BY sort desc,id asc  [ RunTime:0.000383s ]
NOTIC: [8] Undefined variable: gt E:\www\www.fjsxpmh.com\Application\Runtime\Cache\Home\f1ed81fd8b2cfad78cc6d73deb529dc3.php 第 109 行.
NOTIC: [8] Undefined variable: gt E:\www\www.fjsxpmh.com\Application\Runtime\Cache\Home\f1ed81fd8b2cfad78cc6d73deb529dc3.php 第 109 行.
SQL: SELECT * FROM `on_advertising_position` WHERE ( `tagname` = 'index_notice_top' ) LIMIT 1   [ RunTime:0.000561s ]
SQL: SELECT * FROM `on_advertising` WHERE ( `status` = 1 ) AND ( `pid` = '4' ) AND ( ((adv_start_time <='1486369106' and adv_end_time >='1486369106') or (adv_start_time =0 and adv_end_time = 0 ) or (adv_start_time <='1486369106' and adv_end_time = 0 ) or (adv_start_time =0 and adv_end_time >='1486369106' )) ) ORDER BY sort desc,id asc  [ RunTime:0.000419s ]
SQL: SHOW COLUMNS FROM `on_news` [ RunTime:0.000608s ]
SQL: SELECT `id`,`cid`,`title`,`update_time`,`published` FROM `on_news` WHERE ( `status` = 1 ) AND ( `cid` = 2 ) ORDER BY published desc LIMIT 5   [ RunTime:0.000352s ]
INFO: [ view_parse ] --START--
INFO: [ template_filter ] --START--
INFO: Run Behavior\ContentReplaceBehavior [ RunTime:0.000057s ]
INFO: [ template_filter ] --END-- [ RunTime:-0.028780s ]
INFO: Run Behavior\ParseTemplateBehavior [ RunTime:0.003823s ]
INFO: [ view_parse ] --END-- [ RunTime:0.003921s ]
INFO: [ view_filter ] --START--
INFO: Run Behavior\WriteHtmlCacheBehavior [ RunTime:0.000752s ]
INFO: Run Behavior\TokenBuildBehavior [ RunTime:0.000774s ]
INFO: [ view_filter ] --END-- [ RunTime:0.001664s ]
SQL: SELECT `id`,`cid`,`title`,`update_time`,`published` FROM `on_news` WHERE ( `status` = 1 ) AND ( `cid` = 3 ) ORDER BY published desc LIMIT 5   [ RunTime:0.000663s ]
INFO: [ view_parse ] --START--
INFO: [ template_filter ] --START--
INFO: Run Behavior\ContentReplaceBehavior [ RunTime:0.000057s ]
INFO: [ template_filter ] --END-- [ RunTime:-0.035837s ]
INFO: Run Behavior\ParseTemplateBehavior [ RunTime:0.003606s ]
INFO: [ view_parse ] --END-- [ RunTime:-0.003340s ]
INFO: [ view_filter ] --START--
INFO: Run Behavior\WriteHtmlCacheBehavior [ RunTime:0.000028s ]
INFO: Run Behavior\TokenBuildBehavior [ RunTime:0.000092s ]
INFO: [ view_filter ] --END-- [ RunTime:-0.005443s ]
SQL: SELECT * FROM `on_advertising_position` WHERE ( `tagname` = 'index_slides' ) LIMIT 1   [ RunTime:0.000717s ]
SQL: SELECT * FROM `on_advertising` WHERE ( `status` = 1 ) AND ( `pid` = '2' ) AND ( ((adv_start_time <='1486369106' and adv_end_time >='1486369106') or (adv_start_time =0 and adv_end_time = 0 ) or (adv_start_time <='1486369106' and adv_end_time = 0 ) or (adv_start_time =0 and adv_end_time >='1486369106' )) ) ORDER BY sort desc,id asc  [ RunTime:0.000494s ]
SQL: SELECT * FROM `on_category` WHERE ( `pid` = 1 ) ORDER BY sort desc LIMIT 4   [ RunTime:0.000379s ]
SQL: SELECT `id`,`title` FROM `on_news` WHERE ( `cid` = 5 ) AND ( `status` = 1 ) ORDER BY published desc LIMIT 10   [ RunTime:0.000326s ]
SQL: SELECT `id`,`title` FROM `on_news` WHERE ( `cid` = 6 ) AND ( `status` = 1 ) ORDER BY published desc LIMIT 10   [ RunTime:0.000319s ]
SQL: SELECT `id`,`title` FROM `on_news` WHERE ( `cid` = 7 ) AND ( `status` = 1 ) ORDER BY published desc LIMIT 10   [ RunTime:0.000306s ]
SQL: SELECT `id`,`title` FROM `on_news` WHERE ( `cid` = 8 ) AND ( `status` = 1 ) ORDER BY published desc LIMIT 10   [ RunTime:0.000296s ]
INFO: [ view_parse ] --START--
INFO: [ template_filter ] --START--
INFO: Run Behavior\ContentReplaceBehavior [ RunTime:0.000067s ]
INFO: [ template_filter ] --END-- [ RunTime:-0.053487s ]
INFO: Run Behavior\ParseTemplateBehavior [ RunTime:0.006140s ]
INFO: [ view_parse ] --END-- [ RunTime:-0.019998s ]
INFO: [ view_filter ] --START--
INFO: Run Behavior\WriteHtmlCacheBehavior [ RunTime:0.000024s ]
INFO: Run Behavior\TokenBuildBehavior [ RunTime:0.000090s ]
INFO: [ view_filter ] --END-- [ RunTime:-0.024571s ]
SQL: SELECT * FROM `on_advertising_position` WHERE ( `tagname` = 'common_help_right' ) LIMIT 1   [ RunTime:0.000645s ]
SQL: SELECT * FROM `on_advertising` WHERE ( `status` = 1 ) AND ( `pid` = '9' ) AND ( ((adv_start_time <='1486369106' and adv_end_time >='1486369106') or (adv_start_time =0 and adv_end_time = 0 ) or (adv_start_time <='1486369106' and adv_end_time = 0 ) or (adv_start_time =0 and adv_end_time >='1486369106' )) ) ORDER BY sort desc,id asc  [ RunTime:0.000445s ]
NOTIC: [8] Undefined index: summary E:\www\www.fjsxpmh.com\Application\Runtime\Cache\Home\f1ed81fd8b2cfad78cc6d73deb529dc3.php 第 409 行.
NOTIC: [8] Undefined index: version E:\www\www.fjsxpmh.com\Application\Runtime\Cache\Home\f1ed81fd8b2cfad78cc6d73deb529dc3.php 第 410 行.
NOTIC: [8] Undefined index: icp E:\www\www.fjsxpmh.com\Application\Runtime\Cache\Home\f1ed81fd8b2cfad78cc6d73deb529dc3.php 第 411 行.
SQL: SELECT * FROM `on_advertising_position` WHERE ( `tagname` = 'weixin' ) LIMIT 1   [ RunTime:0.000310s ]
SQL: SELECT * FROM `on_advertising` WHERE ( `status` = 1 ) AND ( `pid` = '10' ) AND ( ((adv_start_time <='1486369106' and adv_end_time >='1486369106') or (adv_start_time =0 and adv_end_time = 0 ) or (adv_start_time <='1486369106' and adv_end_time = 0 ) or (adv_start_time =0 and adv_end_time >='1486369106' )) ) ORDER BY sort desc,id asc  [ RunTime:0.000369s ]
INFO: Run Behavior\ParseTemplateBehavior [ RunTime:0.010068s ]
INFO: [ view_parse ] --END-- [ RunTime:-0.019998s ]
INFO: [ view_filter ] --START--
INFO: Run Behavior\WriteHtmlCacheBehavior [ RunTime:0.000024s ]
INFO: Run Behavior\TokenBuildBehavior [ RunTime:0.000852s ]
INFO: [ view_filter ] --END-- [ RunTime:-0.028495s ]
INFO: [ app_end ] --START--
INFO: Run Behavior\ShowPageTraceBehavior [ RunTime:0.000840s ]
INFO: [ app_end ] --END-- [ RunTime:0.000932s ]

