2017-04-11 13:03:46 SendBufferToWorker fail. The connections between Gateway and BusinessWorker are not ready
2017-04-11 13:03:46 SendBufferToWorker fail. The connections between Gateway and BusinessWorker are not ready
2017-04-11 13:03:46 SendBufferToWorker fail. The connections between Gateway and BusinessWorker are not ready
2017-04-11 13:03:46 SendBufferToWorker fail. The connections between Gateway and BusinessWorker are not ready
2017-04-11 13:03:46 SendBufferToWorker fail. The connections between Gateway and BusinessWorker are not ready
2017-04-11 13:03:46 SendBufferToWorker fail. The connections between Gateway and BusinessWorker are not ready
2017-04-11 13:03:46 SendBufferToWorker fail. The connections between Gateway and BusinessWorker are not ready
2017-04-11 13:03:46 SendBufferToWorker fail. The connections between Gateway and BusinessWorker are not ready
2017-04-11 13:03:46 SendBufferToWorker fail. The connections between Gateway and BusinessWorker are not ready
2017-04-11 13:03:46 SendBufferToWorker fail. The connections between Gateway and BusinessWorker are not ready
2017-04-11 13:03:47 SendBufferToWorker fail. The connections between Gateway and BusinessWorker are not ready
2017-04-11 13:03:47 SendBufferToWorker fail. The connections between Gateway and BusinessWorker are not ready
2017-04-11 13:03:47 SendBufferToWorker fail. The connections between Gateway and BusinessWorker are not ready
2017-04-11 13:03:47 SendBufferToWorker fail. The connections between Gateway and BusinessWorker are not ready
2017-04-11 13:03:47 SendBufferToWorker fail. The connections between Gateway and BusinessWorker are not ready
2017-04-11 13:03:47 SendBufferToWorker fail. The connections between Gateway and BusinessWorker are not ready
2017-04-11 13:03:47 SendBufferToWorker fail. The connections between Gateway and BusinessWorker are not ready
2017-04-11 13:03:47 SendBufferToWorker fail. The connections between Gateway and BusinessWorker are not ready
2017-04-11 13:03:47 SendBufferToWorker fail. The connections between Gateway and BusinessWorker are not ready
2017-04-11 13:03:47 SendBufferToWorker fail. The connections between Gateway and BusinessWorker are not ready
2017-04-11 13:03:47 SendBufferToWorker fail. The connections between Gateway and BusinessWorker are not ready
2017-04-11 13:03:47 SendBufferToWorker fail. The connections between Gateway and BusinessWorker are not ready
2017-04-11 13:03:47 SendBufferToWorker fail. The connections between Gateway and BusinessWorker are not ready
2017-04-11 13:03:47 SendBufferToWorker fail. The connections between Gateway and BusinessWorker are not ready
2017-04-11 13:03:47 SendBufferToWorker fail. The connections between Gateway and BusinessWorker are not ready
2017-04-11 13:03:47 SendBufferToWorker fail. The connections between Gateway and BusinessWorker are not ready
2017-04-11 13:03:47 SendBufferToWorker fail. The connections between Gateway and BusinessWorker are not ready
2017-04-11 13:03:47 SendBufferToWorker fail. The connections between Gateway and BusinessWorker are not ready
2017-04-11 13:03:47 SendBufferToWorker fail. The connections between Gateway and BusinessWorker are not ready
2017-04-11 13:03:47 SendBufferToWorker fail. The connections between Gateway and BusinessWorker are not ready
2017-04-11 13:03:47 SendBufferToWorker fail. The connections between Gateway and BusinessWorker are not ready
2017-04-11 13:03:47 SendBufferToWorker fail. The connections between Gateway and BusinessWorker are not ready
2017-04-11 13:03:47 SendBufferToWorker fail. The connections between Gateway and BusinessWorker are not ready
2017-04-11 13:03:47 SendBufferToWorker fail. The connections between Gateway and BusinessWorker are not ready
2017-04-11 13:03:47 SendBufferToWorker fail. The connections between Gateway and BusinessWorker are not ready
2017-04-11 13:03:47 SendBufferToWorker fail. The connections between Gateway and BusinessWorker are not ready
2017-04-11 13:03:47 SendBufferToWorker fail. The connections between Gateway and BusinessWorker are not ready
2017-04-11 13:03:47 SendBufferToWorker fail. The connections between Gateway and BusinessWorker are not ready
2017-04-11 13:03:47 SendBufferToWorker fail. The connections between Gateway and BusinessWorker are not ready
2017-04-11 13:03:47 SendBufferToWorker fail. The connections between Gateway and BusinessWorker are not ready
2017-04-11 13:03:47 SendBufferToWorker fail. The connections between Gateway and BusinessWorker are not ready
2017-04-11 13:03:47 SendBufferToWorker fail. The connections between Gateway and BusinessWorker are not ready
2017-04-11 13:03:47 SendBufferToWorker fail. The connections between Gateway and BusinessWorker are not ready
2017-04-11 13:03:47 SendBufferToWorker fail. The connections between Gateway and BusinessWorker are not ready
2017-04-11 13:03:47 SendBufferToWorker fail. The connections between Gateway and BusinessWorker are not ready
2017-04-11 13:03:47 SendBufferToWorker fail. The connections between Gateway and BusinessWorker are not ready
2017-04-11 13:03:47 SendBufferToWorker fail. The connections between Gateway and BusinessWorker are not ready
2017-04-11 13:03:47 SendBufferToWorker fail. The connections between Gateway and BusinessWorker are not ready
2017-04-11 13:03:47 SendBufferToWorker fail. The connections between Gateway and BusinessWorker are not ready
2017-04-11 13:03:47 SendBufferToWorker fail. The connections between Gateway and BusinessWorker are not ready
2017-04-11 13:03:47 SendBufferToWorker fail. The connections between Gateway and BusinessWorker are not ready
2017-04-11 13:03:47 SendBufferToWorker fail. The connections between Gateway and BusinessWorker are not ready
2017-04-11 13:03:47 SendBufferToWorker fail. The connections between Gateway and BusinessWorker are not ready
2017-04-11 13:03:47 SendBufferToWorker fail. The connections between Gateway and BusinessWorker are not ready
2017-04-11 13:03:47 SendBufferToWorker fail. The connections between Gateway and BusinessWorker are not ready
2017-04-11 13:03:47 SendBufferToWorker fail. The connections between Gateway and BusinessWorker are not ready
2017-04-11 13:03:47 SendBufferToWorker fail. The connections between Gateway and BusinessWorker are not ready
2017-04-11 13:03:47 SendBufferToWorker fail. The connections between Gateway and BusinessWorker are not ready
2017-04-11 13:03:47 SendBufferToWorker fail. The connections between Gateway and BusinessWorker are not ready
2017-04-11 13:03:47 SendBufferToWorker fail. The connections between Gateway and BusinessWorker are not ready
2017-04-11 13:03:47 SendBufferToWorker fail. The connections between Gateway and BusinessWorker are not ready
2017-04-11 13:03:47 SendBufferToWorker fail. The connections between Gateway and BusinessWorker are not ready
2017-04-11 13:03:47 SendBufferToWorker fail. The connections between Gateway and BusinessWorker are not ready
2017-04-11 13:03:47 SendBufferToWorker fail. The connections between Gateway and BusinessWorker are not ready
2017-04-11 13:03:47 SendBufferToWorker fail. The connections between Gateway and BusinessWorker are not ready
2017-04-11 13:03:47 SendBufferToWorker fail. The connections between Gateway and BusinessWorker are not ready
2017-04-11 13:03:47 SendBufferToWorker fail. The connections between Gateway and BusinessWorker are not ready
2017-04-11 13:03:47 SendBufferToWorker fail. The connections between Gateway and BusinessWorker are not ready
2017-04-11 13:03:47 SendBufferToWorker fail. The connections between Gateway and BusinessWorker are not ready
2017-04-11 13:03:47 SendBufferToWorker fail. The connections between Gateway and BusinessWorker are not ready
2017-04-11 13:03:47 SendBufferToWorker fail. The connections between Gateway and BusinessWorker are not ready
2017-04-11 13:03:47 SendBufferToWorker fail. The connections between Gateway and BusinessWorker are not ready
2017-04-11 13:03:47 SendBufferToWorker fail. The connections between Gateway and BusinessWorker are not ready
2017-04-11 13:03:47 SendBufferToWorker fail. The connections between Gateway and BusinessWorker are not ready
2017-04-11 13:03:47 SendBufferToWorker fail. The connections between Gateway and BusinessWorker are not ready
2017-04-11 13:03:47 SendBufferToWorker fail. The connections between Gateway and BusinessWorker are not ready
2017-04-11 13:03:47 SendBufferToWorker fail. The connections between Gateway and BusinessWorker are not ready
2017-04-11 13:03:47 SendBufferToWorker fail. The connections between Gateway and BusinessWorker are not ready
2017-04-11 13:03:47 SendBufferToWorker fail. The connections between Gateway and BusinessWorker are not ready
2017-04-11 13:03:47 SendBufferToWorker fail. The connections between Gateway and BusinessWorker are not ready
2017-04-11 13:03:47 SendBufferToWorker fail. The connections between Gateway and BusinessWorker are not ready
2017-04-11 13:03:47 SendBufferToWorker fail. The connections between Gateway and BusinessWorker are not ready
2017-04-11 13:03:47 SendBufferToWorker fail. The connections between Gateway and BusinessWorker are not ready
2017-04-11 13:03:47 SendBufferToWorker fail. The connections between Gateway and BusinessWorker are not ready
2017-04-11 13:03:47 SendBufferToWorker fail. The connections between Gateway and BusinessWorker are not ready
2017-04-11 13:03:47 SendBufferToWorker fail. The connections between Gateway and BusinessWorker are not ready
2017-04-11 13:03:47 SendBufferToWorker fail. The connections between Gateway and BusinessWorker are not ready
2017-04-11 13:03:47 SendBufferToWorker fail. The connections between Gateway and BusinessWorker are not ready
2017-04-11 13:03:47 SendBufferToWorker fail. The connections between Gateway and BusinessWorker are not ready
2017-04-11 13:03:47 SendBufferToWorker fail. The connections between Gateway and BusinessWorker are not ready
2017-04-11 13:03:47 SendBufferToWorker fail. The connections between Gateway and BusinessWorker are not ready
2017-04-11 13:03:47 SendBufferToWorker fail. The connections between Gateway and BusinessWorker are not ready
2017-04-11 15:08:11 client_id:7f00000108fc00000005	client_ip:2130706433
exception 'Exception' with message 'client_id 2 is invalid' in D:\phpStudy\WWW\zc-pm\GatewayWorker\Lib\Context.php:102
Stack trace:
#0 D:\phpStudy\WWW\zc-pm\GatewayWorker\Lib\Gateway.php(452): GatewayWorker\Lib\Context::clientIdToAddress('2')
#1 D:\phpStudy\WWW\zc-pm\GatewayWorker\Lib\Gateway.php(78): GatewayWorker\Lib\Gateway::sendCmdAndMessageToClient('2', 5, '{"type":"say","...')
#2 D:\phpStudy\WWW\zc-pm\GatewayWorker\Event.php(115): GatewayWorker\Lib\Gateway::sendToClient('2', '{"type":"say","...')
#3 D:\phpStudy\WWW\zc-pm\GatewayWorker\BusinessWorker.php(216): Event::onMessage('7f00000108fc000...', '{"type":"say","...')
#4 [internal function]: GatewayWorker\BusinessWorker->onGatewayMessage(Object(Workerman\Connection\AsyncTcpConnection), Array)
#5 D:\phpStudy\WWW\zc-pm\Workerman\Connection\TcpConnection.php(480): call_user_func(Array, Object(Workerman\Connection\AsyncTcpConnection), Array)
#6 [internal function]: Workerman\Connection\TcpConnection->baseRead(Resource id #24)
#7 D:\phpStudy\WWW\zc-pm\Workerman\Events\Select.php(257): call_user_func_array(Array, Array)
#8 D:\phpStudy\WWW\zc-pm\Workerman\Worker.php(808): Workerman\Events\Select->loop()
#9 D:\phpStudy\WWW\zc-pm\GatewayWorker\BusinessWorker.php(96): Workerman\Worker->run()
#10 D:\phpStudy\WWW\zc-pm\Workerman\Worker.php(457): GatewayWorker\BusinessWorker->run()
#11 D:\phpStudy\WWW\zc-pm\Workerman\Worker.php(366): Workerman\Worker::runAllWorkers()
#12 D:\phpStudy\WWW\zc-pm\Application\Chat\start_businessworker.php(36): Workerman\Worker::runAll()
#13 {main}
2017-04-11 15:08:27 client_id:7f00000108fc00000003	client_ip:2130706433
exception 'Exception' with message 'client_id 2 is invalid' in D:\phpStudy\WWW\zc-pm\GatewayWorker\Lib\Context.php:102
Stack trace:
#0 D:\phpStudy\WWW\zc-pm\GatewayWorker\Lib\Gateway.php(452): GatewayWorker\Lib\Context::clientIdToAddress('2')
#1 D:\phpStudy\WWW\zc-pm\GatewayWorker\Lib\Gateway.php(78): GatewayWorker\Lib\Gateway::sendCmdAndMessageToClient('2', 5, '{"type":"say","...')
#2 D:\phpStudy\WWW\zc-pm\GatewayWorker\Event.php(115): GatewayWorker\Lib\Gateway::sendToClient('2', '{"type":"say","...')
#3 D:\phpStudy\WWW\zc-pm\GatewayWorker\BusinessWorker.php(216): Event::onMessage('7f00000108fc000...', '{"type":"say","...')
#4 [internal function]: GatewayWorker\BusinessWorker->onGatewayMessage(Object(Workerman\Connection\AsyncTcpConnection), Array)
#5 D:\phpStudy\WWW\zc-pm\Workerman\Connection\TcpConnection.php(480): call_user_func(Array, Object(Workerman\Connection\AsyncTcpConnection), Array)
#6 [internal function]: Workerman\Connection\TcpConnection->baseRead(Resource id #24)
#7 D:\phpStudy\WWW\zc-pm\Workerman\Events\Select.php(257): call_user_func_array(Array, Array)
#8 D:\phpStudy\WWW\zc-pm\Workerman\Worker.php(808): Workerman\Events\Select->loop()
#9 D:\phpStudy\WWW\zc-pm\GatewayWorker\BusinessWorker.php(96): Workerman\Worker->run()
#10 D:\phpStudy\WWW\zc-pm\Workerman\Worker.php(457): GatewayWorker\BusinessWorker->run()
#11 D:\phpStudy\WWW\zc-pm\Workerman\Worker.php(366): Workerman\Worker::runAllWorkers()
#12 D:\phpStudy\WWW\zc-pm\Application\Chat\start_businessworker.php(36): Workerman\Worker::runAll()
#13 {main}
2017-04-11 15:09:05 client_id:7f00000108fc0000000c	client_ip:2130706433
exception 'Exception' with message 'client_id 2 is invalid' in D:\phpStudy\WWW\zc-pm\GatewayWorker\Lib\Context.php:102
Stack trace:
#0 D:\phpStudy\WWW\zc-pm\GatewayWorker\Lib\Gateway.php(452): GatewayWorker\Lib\Context::clientIdToAddress('2')
#1 D:\phpStudy\WWW\zc-pm\GatewayWorker\Lib\Gateway.php(78): GatewayWorker\Lib\Gateway::sendCmdAndMessageToClient('2', 5, '{"type":"say","...')
#2 D:\phpStudy\WWW\zc-pm\GatewayWorker\Event.php(115): GatewayWorker\Lib\Gateway::sendToClient('2', '{"type":"say","...')
#3 D:\phpStudy\WWW\zc-pm\GatewayWorker\BusinessWorker.php(216): Event::onMessage('7f00000108fc000...', '{"type":"say","...')
#4 [internal function]: GatewayWorker\BusinessWorker->onGatewayMessage(Object(Workerman\Connection\AsyncTcpConnection), Array)
#5 D:\phpStudy\WWW\zc-pm\Workerman\Connection\TcpConnection.php(480): call_user_func(Array, Object(Workerman\Connection\AsyncTcpConnection), Array)
#6 [internal function]: Workerman\Connection\TcpConnection->baseRead(Resource id #24)
#7 D:\phpStudy\WWW\zc-pm\Workerman\Events\Select.php(257): call_user_func_array(Array, Array)
#8 D:\phpStudy\WWW\zc-pm\Workerman\Worker.php(808): Workerman\Events\Select->loop()
#9 D:\phpStudy\WWW\zc-pm\GatewayWorker\BusinessWorker.php(96): Workerman\Worker->run()
#10 D:\phpStudy\WWW\zc-pm\Workerman\Worker.php(457): GatewayWorker\BusinessWorker->run()
#11 D:\phpStudy\WWW\zc-pm\Workerman\Worker.php(366): Workerman\Worker::runAllWorkers()
#12 D:\phpStudy\WWW\zc-pm\Application\Chat\start_businessworker.php(36): Workerman\Worker::runAll()
#13 {main}
2017-04-11 15:09:51 client_id:7f00000108fc00000004	client_ip:2130706433
exception 'Exception' with message 'client_id 2 is invalid' in D:\phpStudy\WWW\zc-pm\GatewayWorker\Lib\Context.php:102
Stack trace:
#0 D:\phpStudy\WWW\zc-pm\GatewayWorker\Lib\Gateway.php(452): GatewayWorker\Lib\Context::clientIdToAddress('2')
#1 D:\phpStudy\WWW\zc-pm\GatewayWorker\Lib\Gateway.php(78): GatewayWorker\Lib\Gateway::sendCmdAndMessageToClient('2', 5, '{"type":"say","...')
#2 D:\phpStudy\WWW\zc-pm\GatewayWorker\Event.php(115): GatewayWorker\Lib\Gateway::sendToClient('2', '{"type":"say","...')
#3 D:\phpStudy\WWW\zc-pm\GatewayWorker\BusinessWorker.php(216): Event::onMessage('7f00000108fc000...', '{"type":"say","...')
#4 [internal function]: GatewayWorker\BusinessWorker->onGatewayMessage(Object(Workerman\Connection\AsyncTcpConnection), Array)
#5 D:\phpStudy\WWW\zc-pm\Workerman\Connection\TcpConnection.php(480): call_user_func(Array, Object(Workerman\Connection\AsyncTcpConnection), Array)
#6 [internal function]: Workerman\Connection\TcpConnection->baseRead(Resource id #24)
#7 D:\phpStudy\WWW\zc-pm\Workerman\Events\Select.php(257): call_user_func_array(Array, Array)
#8 D:\phpStudy\WWW\zc-pm\Workerman\Worker.php(808): Workerman\Events\Select->loop()
#9 D:\phpStudy\WWW\zc-pm\GatewayWorker\BusinessWorker.php(96): Workerman\Worker->run()
#10 D:\phpStudy\WWW\zc-pm\Workerman\Worker.php(457): GatewayWorker\BusinessWorker->run()
#11 D:\phpStudy\WWW\zc-pm\Workerman\Worker.php(366): Workerman\Worker::runAllWorkers()
#12 D:\phpStudy\WWW\zc-pm\Application\Chat\start_businessworker.php(36): Workerman\Worker::runAll()
#13 {main}
2017-04-11 15:13:08 client_id:7f00000108fc00000004	client_ip:2130706433
exception 'Exception' with message 'client_id 2 is invalid' in D:\phpStudy\WWW\zc-pm\GatewayWorker\Lib\Context.php:102
Stack trace:
#0 D:\phpStudy\WWW\zc-pm\GatewayWorker\Lib\Gateway.php(452): GatewayWorker\Lib\Context::clientIdToAddress('2')
#1 D:\phpStudy\WWW\zc-pm\GatewayWorker\Lib\Gateway.php(78): GatewayWorker\Lib\Gateway::sendCmdAndMessageToClient('2', 5, '{"type":"say","...')
#2 D:\phpStudy\WWW\zc-pm\GatewayWorker\Event.php(115): GatewayWorker\Lib\Gateway::sendToClient('2', '{"type":"say","...')
#3 D:\phpStudy\WWW\zc-pm\GatewayWorker\BusinessWorker.php(216): Event::onMessage('7f00000108fc000...', '{"type":"say","...')
#4 [internal function]: GatewayWorker\BusinessWorker->onGatewayMessage(Object(Workerman\Connection\AsyncTcpConnection), Array)
#5 D:\phpStudy\WWW\zc-pm\Workerman\Connection\TcpConnection.php(480): call_user_func(Array, Object(Workerman\Connection\AsyncTcpConnection), Array)
#6 [internal function]: Workerman\Connection\TcpConnection->baseRead(Resource id #24)
#7 D:\phpStudy\WWW\zc-pm\Workerman\Events\Select.php(257): call_user_func_array(Array, Array)
#8 D:\phpStudy\WWW\zc-pm\Workerman\Worker.php(808): Workerman\Events\Select->loop()
#9 D:\phpStudy\WWW\zc-pm\GatewayWorker\BusinessWorker.php(96): Workerman\Worker->run()
#10 D:\phpStudy\WWW\zc-pm\Workerman\Worker.php(457): GatewayWorker\BusinessWorker->run()
#11 D:\phpStudy\WWW\zc-pm\Workerman\Worker.php(366): Workerman\Worker::runAllWorkers()
#12 D:\phpStudy\WWW\zc-pm\Application\Chat\start_businessworker.php(36): Workerman\Worker::runAll()
#13 {main}
2017-04-11 15:16:28 client_id:7f00000108fc00000007	client_ip:2130706433
exception 'Exception' with message 'client_id 5 is invalid' in D:\phpStudy\WWW\zc-pm\GatewayWorker\Lib\Context.php:102
Stack trace:
#0 D:\phpStudy\WWW\zc-pm\GatewayWorker\Lib\Gateway.php(452): GatewayWorker\Lib\Context::clientIdToAddress('5')
#1 D:\phpStudy\WWW\zc-pm\GatewayWorker\Lib\Gateway.php(78): GatewayWorker\Lib\Gateway::sendCmdAndMessageToClient('5', 5, '{"type":"say","...')
#2 D:\phpStudy\WWW\zc-pm\GatewayWorker\Event.php(115): GatewayWorker\Lib\Gateway::sendToClient('5', '{"type":"say","...')
#3 D:\phpStudy\WWW\zc-pm\GatewayWorker\BusinessWorker.php(216): Event::onMessage('7f00000108fc000...', '{"type":"say","...')
#4 [internal function]: GatewayWorker\BusinessWorker->onGatewayMessage(Object(Workerman\Connection\AsyncTcpConnection), Array)
#5 D:\phpStudy\WWW\zc-pm\Workerman\Connection\TcpConnection.php(480): call_user_func(Array, Object(Workerman\Connection\AsyncTcpConnection), Array)
#6 [internal function]: Workerman\Connection\TcpConnection->baseRead(Resource id #24)
#7 D:\phpStudy\WWW\zc-pm\Workerman\Events\Select.php(257): call_user_func_array(Array, Array)
#8 D:\phpStudy\WWW\zc-pm\Workerman\Worker.php(808): Workerman\Events\Select->loop()
#9 D:\phpStudy\WWW\zc-pm\GatewayWorker\BusinessWorker.php(96): Workerman\Worker->run()
#10 D:\phpStudy\WWW\zc-pm\Workerman\Worker.php(457): GatewayWorker\BusinessWorker->run()
#11 D:\phpStudy\WWW\zc-pm\Workerman\Worker.php(366): Workerman\Worker::runAllWorkers()
#12 D:\phpStudy\WWW\zc-pm\Application\Chat\start_businessworker.php(36): Workerman\Worker::runAll()
#13 {main}
2017-04-11 15:23:33 client_id:7f00000108fc00000003	client_ip:2130706433
exception 'Exception' with message 'client_id 4 is invalid' in D:\phpStudy\WWW\zc-pm\GatewayWorker\Lib\Context.php:102
Stack trace:
#0 D:\phpStudy\WWW\zc-pm\GatewayWorker\Lib\Gateway.php(452): GatewayWorker\Lib\Context::clientIdToAddress('4')
#1 D:\phpStudy\WWW\zc-pm\GatewayWorker\Lib\Gateway.php(78): GatewayWorker\Lib\Gateway::sendCmdAndMessageToClient('4', 5, '{"type":"say","...')
#2 D:\phpStudy\WWW\zc-pm\GatewayWorker\Event.php(111): GatewayWorker\Lib\Gateway::sendToClient('4', '{"type":"say","...')
#3 D:\phpStudy\WWW\zc-pm\GatewayWorker\BusinessWorker.php(216): Event::onMessage('7f00000108fc000...', '{"type":"say","...')
#4 [internal function]: GatewayWorker\BusinessWorker->onGatewayMessage(Object(Workerman\Connection\AsyncTcpConnection), Array)
#5 D:\phpStudy\WWW\zc-pm\Workerman\Connection\TcpConnection.php(480): call_user_func(Array, Object(Workerman\Connection\AsyncTcpConnection), Array)
#6 [internal function]: Workerman\Connection\TcpConnection->baseRead(Resource id #24)
#7 D:\phpStudy\WWW\zc-pm\Workerman\Events\Select.php(257): call_user_func_array(Array, Array)
#8 D:\phpStudy\WWW\zc-pm\Workerman\Worker.php(808): Workerman\Events\Select->loop()
#9 D:\phpStudy\WWW\zc-pm\GatewayWorker\BusinessWorker.php(96): Workerman\Worker->run()
#10 D:\phpStudy\WWW\zc-pm\Workerman\Worker.php(457): GatewayWorker\BusinessWorker->run()
#11 D:\phpStudy\WWW\zc-pm\Workerman\Worker.php(366): Workerman\Worker::runAllWorkers()
#12 D:\phpStudy\WWW\zc-pm\Application\Chat\start_businessworker.php(36): Workerman\Worker::runAll()
#13 {main}
2017-04-12 16:54:23 client_id:7f00000108fc00000052	client_ip:2130706433
exception 'Exception' with message 'client_id 8 is invalid' in D:\phpStudy\WWW\zc-pm\GatewayWorker\Lib\Context.php:102
Stack trace:
#0 D:\phpStudy\WWW\zc-pm\GatewayWorker\Lib\Gateway.php(452): GatewayWorker\Lib\Context::clientIdToAddress('8')
#1 D:\phpStudy\WWW\zc-pm\GatewayWorker\Lib\Gateway.php(78): GatewayWorker\Lib\Gateway::sendCmdAndMessageToClient('8', 5, '{"type":"say","...')
#2 D:\phpStudy\WWW\zc-pm\GatewayWorker\Event.php(107): GatewayWorker\Lib\Gateway::sendToClient('8', '{"type":"say","...')
#3 D:\phpStudy\WWW\zc-pm\GatewayWorker\BusinessWorker.php(216): Event::onMessage('7f00000108fc000...', '{"type":"say","...')
#4 [internal function]: GatewayWorker\BusinessWorker->onGatewayMessage(Object(Workerman\Connection\AsyncTcpConnection), Array)
#5 D:\phpStudy\WWW\zc-pm\Workerman\Connection\TcpConnection.php(480): call_user_func(Array, Object(Workerman\Connection\AsyncTcpConnection), Array)
#6 [internal function]: Workerman\Connection\TcpConnection->baseRead(Resource id #24)
#7 D:\phpStudy\WWW\zc-pm\Workerman\Events\Select.php(257): call_user_func_array(Array, Array)
#8 D:\phpStudy\WWW\zc-pm\Workerman\Worker.php(808): Workerman\Events\Select->loop()
#9 D:\phpStudy\WWW\zc-pm\GatewayWorker\BusinessWorker.php(96): Workerman\Worker->run()
#10 D:\phpStudy\WWW\zc-pm\Workerman\Worker.php(457): GatewayWorker\BusinessWorker->run()
#11 D:\phpStudy\WWW\zc-pm\Workerman\Worker.php(366): Workerman\Worker::runAllWorkers()
#12 D:\phpStudy\WWW\zc-pm\Application\Chat\start_businessworker.php(36): Workerman\Worker::runAll()
#13 {main}
2017-04-12 17:14:03 client_id:7f00000108fc00000074	client_ip:2130706433
exception 'Exception' with message 'client_id 13 is invalid' in D:\phpStudy\WWW\zc-pm\GatewayWorker\Lib\Context.php:102
Stack trace:
#0 D:\phpStudy\WWW\zc-pm\GatewayWorker\Lib\Gateway.php(452): GatewayWorker\Lib\Context::clientIdToAddress('13')
#1 D:\phpStudy\WWW\zc-pm\GatewayWorker\Lib\Gateway.php(78): GatewayWorker\Lib\Gateway::sendCmdAndMessageToClient('13', 5, '{"type":"say","...')
#2 D:\phpStudy\WWW\zc-pm\GatewayWorker\Event.php(107): GatewayWorker\Lib\Gateway::sendToClient('13', '{"type":"say","...')
#3 D:\phpStudy\WWW\zc-pm\GatewayWorker\BusinessWorker.php(216): Event::onMessage('7f00000108fc000...', '{"type":"say","...')
#4 [internal function]: GatewayWorker\BusinessWorker->onGatewayMessage(Object(Workerman\Connection\AsyncTcpConnection), Array)
#5 D:\phpStudy\WWW\zc-pm\Workerman\Connection\TcpConnection.php(480): call_user_func(Array, Object(Workerman\Connection\AsyncTcpConnection), Array)
#6 [internal function]: Workerman\Connection\TcpConnection->baseRead(Resource id #24)
#7 D:\phpStudy\WWW\zc-pm\Workerman\Events\Select.php(257): call_user_func_array(Array, Array)
#8 D:\phpStudy\WWW\zc-pm\Workerman\Worker.php(808): Workerman\Events\Select->loop()
#9 D:\phpStudy\WWW\zc-pm\GatewayWorker\BusinessWorker.php(96): Workerman\Worker->run()
#10 D:\phpStudy\WWW\zc-pm\Workerman\Worker.php(457): GatewayWorker\BusinessWorker->run()
#11 D:\phpStudy\WWW\zc-pm\Workerman\Worker.php(366): Workerman\Worker::runAllWorkers()
#12 D:\phpStudy\WWW\zc-pm\Application\Chat\start_businessworker.php(36): Workerman\Worker::runAll()
#13 {main}
2017-04-12 17:37:30 SendBufferToWorker fail. The connections between Gateway and BusinessWorker are not ready
2017-04-12 17:37:30 SendBufferToWorker fail. The connections between Gateway and BusinessWorker are not ready
2017-04-12 17:37:30 SendBufferToWorker fail. The connections between Gateway and BusinessWorker are not ready
2017-04-12 17:37:30 SendBufferToWorker fail. The connections between Gateway and BusinessWorker are not ready
2017-04-12 17:37:30 SendBufferToWorker fail. The connections between Gateway and BusinessWorker are not ready
2017-04-12 17:37:30 SendBufferToWorker fail. The connections between Gateway and BusinessWorker are not ready
2017-04-12 17:37:30 SendBufferToWorker fail. The connections between Gateway and BusinessWorker are not ready
2017-04-12 17:37:30 SendBufferToWorker fail. The connections between Gateway and BusinessWorker are not ready
2017-04-12 17:37:30 SendBufferToWorker fail. The connections between Gateway and BusinessWorker are not ready
2017-04-12 17:37:30 SendBufferToWorker fail. The connections between Gateway and BusinessWorker are not ready
2017-04-12 17:37:30 SendBufferToWorker fail. The connections between Gateway and BusinessWorker are not ready
2017-04-12 17:37:30 SendBufferToWorker fail. The connections between Gateway and BusinessWorker are not ready
2017-04-12 17:37:30 SendBufferToWorker fail. The connections between Gateway and BusinessWorker are not ready
2017-04-12 17:37:30 SendBufferToWorker fail. The connections between Gateway and BusinessWorker are not ready
2017-04-12 17:37:30 SendBufferToWorker fail. The connections between Gateway and BusinessWorker are not ready
2017-04-12 17:37:31 SendBufferToWorker fail. The connections between Gateway and BusinessWorker are not ready
2017-04-12 17:37:31 SendBufferToWorker fail. The connections between Gateway and BusinessWorker are not ready
2017-04-12 17:37:31 SendBufferToWorker fail. The connections between Gateway and BusinessWorker are not ready
2017-04-12 17:37:31 SendBufferToWorker fail. The connections between Gateway and BusinessWorker are not ready
2017-04-12 17:37:31 SendBufferToWorker fail. The connections between Gateway and BusinessWorker are not ready
2017-04-12 17:37:31 SendBufferToWorker fail. The connections between Gateway and BusinessWorker are not ready
2017-04-12 17:37:31 SendBufferToWorker fail. The connections between Gateway and BusinessWorker are not ready
2017-04-12 17:37:31 SendBufferToWorker fail. The connections between Gateway and BusinessWorker are not ready
2017-04-12 17:37:31 SendBufferToWorker fail. The connections between Gateway and BusinessWorker are not ready
2017-04-12 17:37:31 SendBufferToWorker fail. The connections between Gateway and BusinessWorker are not ready
2017-04-12 17:37:31 SendBufferToWorker fail. The connections between Gateway and BusinessWorker are not ready
2017-04-12 17:37:31 SendBufferToWorker fail. The connections between Gateway and BusinessWorker are not ready
2017-04-12 17:37:31 SendBufferToWorker fail. The connections between Gateway and BusinessWorker are not ready
2017-04-12 17:37:31 SendBufferToWorker fail. The connections between Gateway and BusinessWorker are not ready
2017-04-12 17:37:31 SendBufferToWorker fail. The connections between Gateway and BusinessWorker are not ready
2017-04-12 17:37:31 SendBufferToWorker fail. The connections between Gateway and BusinessWorker are not ready
2017-04-12 17:37:31 SendBufferToWorker fail. The connections between Gateway and BusinessWorker are not ready
2017-04-12 17:37:31 SendBufferToWorker fail. The connections between Gateway and BusinessWorker are not ready
2017-04-12 17:37:31 SendBufferToWorker fail. The connections between Gateway and BusinessWorker are not ready
2017-04-12 17:37:31 SendBufferToWorker fail. The connections between Gateway and BusinessWorker are not ready
2017-04-12 17:37:31 SendBufferToWorker fail. The connections between Gateway and BusinessWorker are not ready
2017-04-12 17:37:31 SendBufferToWorker fail. The connections between Gateway and BusinessWorker are not ready
2017-04-12 17:37:31 SendBufferToWorker fail. The connections between Gateway and BusinessWorker are not ready
2017-04-12 17:37:31 SendBufferToWorker fail. The connections between Gateway and BusinessWorker are not ready
2017-04-12 17:37:31 SendBufferToWorker fail. The connections between Gateway and BusinessWorker are not ready
2017-04-12 17:37:31 SendBufferToWorker fail. The connections between Gateway and BusinessWorker are not ready
2017-04-12 17:37:31 SendBufferToWorker fail. The connections between Gateway and BusinessWorker are not ready
2017-04-12 17:37:31 SendBufferToWorker fail. The connections between Gateway and BusinessWorker are not ready
2017-04-12 17:37:31 SendBufferToWorker fail. The connections between Gateway and BusinessWorker are not ready
2017-04-12 17:37:31 SendBufferToWorker fail. The connections between Gateway and BusinessWorker are not ready
2017-04-12 17:37:31 SendBufferToWorker fail. The connections between Gateway and BusinessWorker are not ready
2017-04-12 17:37:31 SendBufferToWorker fail. The connections between Gateway and BusinessWorker are not ready
2017-04-12 17:37:31 SendBufferToWorker fail. The connections between Gateway and BusinessWorker are not ready
2017-04-12 17:37:31 SendBufferToWorker fail. The connections between Gateway and BusinessWorker are not ready
2017-04-12 17:37:31 SendBufferToWorker fail. The connections between Gateway and BusinessWorker are not ready
2017-04-12 17:37:31 SendBufferToWorker fail. The connections between Gateway and BusinessWorker are not ready
2017-04-12 17:37:31 SendBufferToWorker fail. The connections between Gateway and BusinessWorker are not ready
2017-04-12 17:37:31 SendBufferToWorker fail. The connections between Gateway and BusinessWorker are not ready
2017-04-12 17:37:31 SendBufferToWorker fail. The connections between Gateway and BusinessWorker are not ready
2017-04-12 17:37:32 SendBufferToWorker fail. The connections between Gateway and BusinessWorker are not ready
2017-04-12 17:37:32 SendBufferToWorker fail. The connections between Gateway and BusinessWorker are not ready
2017-04-12 17:37:32 SendBufferToWorker fail. The connections between Gateway and BusinessWorker are not ready
2017-04-12 17:37:32 SendBufferToWorker fail. The connections between Gateway and BusinessWorker are not ready
2017-04-12 17:37:32 SendBufferToWorker fail. The connections between Gateway and BusinessWorker are not ready
2017-04-12 17:37:32 SendBufferToWorker fail. The connections between Gateway and BusinessWorker are not ready
2017-04-12 17:37:32 SendBufferToWorker fail. The connections between Gateway and BusinessWorker are not ready
2017-04-12 17:37:32 SendBufferToWorker fail. The connections between Gateway and BusinessWorker are not ready
2017-04-12 17:37:32 SendBufferToWorker fail. The connections between Gateway and BusinessWorker are not ready
2017-04-12 17:37:32 SendBufferToWorker fail. The connections between Gateway and BusinessWorker are not ready
2017-04-12 17:37:32 SendBufferToWorker fail. The connections between Gateway and BusinessWorker are not ready
2017-04-12 17:37:32 SendBufferToWorker fail. The connections between Gateway and BusinessWorker are not ready
2017-04-12 17:37:32 SendBufferToWorker fail. The connections between Gateway and BusinessWorker are not ready
2017-04-12 17:37:32 SendBufferToWorker fail. The connections between Gateway and BusinessWorker are not ready
2017-04-12 17:37:32 SendBufferToWorker fail. The connections between Gateway and BusinessWorker are not ready
2017-04-12 17:37:32 SendBufferToWorker fail. The connections between Gateway and BusinessWorker are not ready
2017-04-12 17:37:32 SendBufferToWorker fail. The connections between Gateway and BusinessWorker are not ready
2017-04-12 17:37:32 SendBufferToWorker fail. The connections between Gateway and BusinessWorker are not ready
2017-04-12 17:37:32 SendBufferToWorker fail. The connections between Gateway and BusinessWorker are not ready
2017-04-12 17:37:32 SendBufferToWorker fail. The connections between Gateway and BusinessWorker are not ready
2017-04-12 17:37:32 SendBufferToWorker fail. The connections between Gateway and BusinessWorker are not ready
2017-04-12 17:37:32 SendBufferToWorker fail. The connections between Gateway and BusinessWorker are not ready
2017-04-12 17:37:32 SendBufferToWorker fail. The connections between Gateway and BusinessWorker are not ready
2017-04-12 17:37:32 SendBufferToWorker fail. The connections between Gateway and BusinessWorker are not ready
2017-04-12 17:37:32 SendBufferToWorker fail. The connections between Gateway and BusinessWorker are not ready
2017-04-12 17:37:32 SendBufferToWorker fail. The connections between Gateway and BusinessWorker are not ready
2017-04-12 17:37:32 SendBufferToWorker fail. The connections between Gateway and BusinessWorker are not ready
2017-04-12 17:37:32 SendBufferToWorker fail. The connections between Gateway and BusinessWorker are not ready
2017-04-12 17:37:32 SendBufferToWorker fail. The connections between Gateway and BusinessWorker are not ready
2017-04-12 17:37:32 SendBufferToWorker fail. The connections between Gateway and BusinessWorker are not ready
2017-04-12 17:37:32 SendBufferToWorker fail. The connections between Gateway and BusinessWorker are not ready
2017-04-12 17:37:32 SendBufferToWorker fail. The connections between Gateway and BusinessWorker are not ready
2017-04-12 17:37:32 SendBufferToWorker fail. The connections between Gateway and BusinessWorker are not ready
2017-04-12 17:37:32 SendBufferToWorker fail. The connections between Gateway and BusinessWorker are not ready
2017-04-12 17:37:32 SendBufferToWorker fail. The connections between Gateway and BusinessWorker are not ready
2017-04-12 17:37:32 SendBufferToWorker fail. The connections between Gateway and BusinessWorker are not ready
2017-04-12 17:37:32 SendBufferToWorker fail. The connections between Gateway and BusinessWorker are not ready
2017-04-12 17:37:32 SendBufferToWorker fail. The connections between Gateway and BusinessWorker are not ready
2017-04-12 17:37:33 SendBufferToWorker fail. The connections between Gateway and BusinessWorker are not ready
2017-04-12 17:37:33 SendBufferToWorker fail. The connections between Gateway and BusinessWorker are not ready
2017-04-12 17:37:33 SendBufferToWorker fail. The connections between Gateway and BusinessWorker are not ready
2017-04-12 17:37:33 SendBufferToWorker fail. The connections between Gateway and BusinessWorker are not ready
2017-04-12 17:37:33 SendBufferToWorker fail. The connections between Gateway and BusinessWorker are not ready
2017-04-12 17:37:33 SendBufferToWorker fail. The connections between Gateway and BusinessWorker are not ready
2017-04-12 17:37:33 SendBufferToWorker fail. The connections between Gateway and BusinessWorker are not ready
2017-04-12 17:37:33 SendBufferToWorker fail. The connections between Gateway and BusinessWorker are not ready
2017-04-12 17:37:33 SendBufferToWorker fail. The connections between Gateway and BusinessWorker are not ready
2017-04-12 17:37:33 SendBufferToWorker fail. The connections between Gateway and BusinessWorker are not ready
2017-04-12 17:37:35 SendBufferToWorker fail. The connections between Gateway and BusinessWorker are not ready
2017-04-12 17:37:35 SendBufferToWorker fail. The connections between Gateway and BusinessWorker are not ready
2017-04-12 17:37:35 SendBufferToWorker fail. The connections between Gateway and BusinessWorker are not ready
2017-04-12 17:37:35 SendBufferToWorker fail. The connections between Gateway and BusinessWorker are not ready
2017-04-12 17:37:35 SendBufferToWorker fail. The connections between Gateway and BusinessWorker are not ready
2017-04-12 17:37:35 SendBufferToWorker fail. The connections between Gateway and BusinessWorker are not ready
2017-04-13 09:14:32 client_id:7f00000108fc00000007	client_ip:2130706433
exception 'Exception' with message 'client_id 2 is invalid' in D:\phpStudy\WWW\zc-pm\GatewayWorker\Lib\Context.php:102
Stack trace:
#0 D:\phpStudy\WWW\zc-pm\GatewayWorker\Lib\Gateway.php(452): GatewayWorker\Lib\Context::clientIdToAddress('2')
#1 D:\phpStudy\WWW\zc-pm\GatewayWorker\Lib\Gateway.php(78): GatewayWorker\Lib\Gateway::sendCmdAndMessageToClient('2', 5, '{"type":"say","...')
#2 D:\phpStudy\WWW\zc-pm\GatewayWorker\Event.php(97): GatewayWorker\Lib\Gateway::sendToClient('2', '{"type":"say","...')
#3 D:\phpStudy\WWW\zc-pm\GatewayWorker\BusinessWorker.php(216): Event::onMessage('7f00000108fc000...', '{"type":"say","...')
#4 [internal function]: GatewayWorker\BusinessWorker->onGatewayMessage(Object(Workerman\Connection\AsyncTcpConnection), Array)
#5 D:\phpStudy\WWW\zc-pm\Workerman\Connection\TcpConnection.php(480): call_user_func(Array, Object(Workerman\Connection\AsyncTcpConnection), Array)
#6 [internal function]: Workerman\Connection\TcpConnection->baseRead(Resource id #24)
#7 D:\phpStudy\WWW\zc-pm\Workerman\Events\Select.php(257): call_user_func_array(Array, Array)
#8 D:\phpStudy\WWW\zc-pm\Workerman\Worker.php(808): Workerman\Events\Select->loop()
#9 D:\phpStudy\WWW\zc-pm\GatewayWorker\BusinessWorker.php(96): Workerman\Worker->run()
#10 D:\phpStudy\WWW\zc-pm\Workerman\Worker.php(457): GatewayWorker\BusinessWorker->run()
#11 D:\phpStudy\WWW\zc-pm\Workerman\Worker.php(366): Workerman\Worker::runAllWorkers()
#12 D:\phpStudy\WWW\zc-pm\Application\Chat\start_businessworker.php(36): Workerman\Worker::runAll()
#13 {main}
2017-04-13 09:14:59 client_id:7f00000108fc0000000b	client_ip:2130706433
exception 'Exception' with message 'client_id 18 is invalid' in D:\phpStudy\WWW\zc-pm\GatewayWorker\Lib\Context.php:102
Stack trace:
#0 D:\phpStudy\WWW\zc-pm\GatewayWorker\Lib\Gateway.php(452): GatewayWorker\Lib\Context::clientIdToAddress('18')
#1 D:\phpStudy\WWW\zc-pm\GatewayWorker\Lib\Gateway.php(78): GatewayWorker\Lib\Gateway::sendCmdAndMessageToClient('18', 5, '{"type":"say","...')
#2 D:\phpStudy\WWW\zc-pm\GatewayWorker\Event.php(97): GatewayWorker\Lib\Gateway::sendToClient('18', '{"type":"say","...')
#3 D:\phpStudy\WWW\zc-pm\GatewayWorker\BusinessWorker.php(216): Event::onMessage('7f00000108fc000...', '{"type":"say","...')
#4 [internal function]: GatewayWorker\BusinessWorker->onGatewayMessage(Object(Workerman\Connection\AsyncTcpConnection), Array)
#5 D:\phpStudy\WWW\zc-pm\Workerman\Connection\TcpConnection.php(480): call_user_func(Array, Object(Workerman\Connection\AsyncTcpConnection), Array)
#6 [internal function]: Workerman\Connection\TcpConnection->baseRead(Resource id #24)
#7 D:\phpStudy\WWW\zc-pm\Workerman\Events\Select.php(257): call_user_func_array(Array, Array)
#8 D:\phpStudy\WWW\zc-pm\Workerman\Worker.php(808): Workerman\Events\Select->loop()
#9 D:\phpStudy\WWW\zc-pm\GatewayWorker\BusinessWorker.php(96): Workerman\Worker->run()
#10 D:\phpStudy\WWW\zc-pm\Workerman\Worker.php(457): GatewayWorker\BusinessWorker->run()
#11 D:\phpStudy\WWW\zc-pm\Workerman\Worker.php(366): Workerman\Worker::runAllWorkers()
#12 D:\phpStudy\WWW\zc-pm\Application\Chat\start_businessworker.php(36): Workerman\Worker::runAll()
#13 {main}
2017-04-13 09:14:59 client_id:7f00000108fc0000000b	client_ip:2130706433
exception 'Exception' with message 'client_id 18 is invalid' in D:\phpStudy\WWW\zc-pm\GatewayWorker\Lib\Context.php:102
Stack trace:
#0 D:\phpStudy\WWW\zc-pm\GatewayWorker\Lib\Gateway.php(452): GatewayWorker\Lib\Context::clientIdToAddress('18')
#1 D:\phpStudy\WWW\zc-pm\GatewayWorker\Lib\Gateway.php(78): GatewayWorker\Lib\Gateway::sendCmdAndMessageToClient('18', 5, '{"type":"say","...')
#2 D:\phpStudy\WWW\zc-pm\GatewayWorker\Event.php(97): GatewayWorker\Lib\Gateway::sendToClient('18', '{"type":"say","...')
#3 D:\phpStudy\WWW\zc-pm\GatewayWorker\BusinessWorker.php(216): Event::onMessage('7f00000108fc000...', '{"type":"say","...')
#4 [internal function]: GatewayWorker\BusinessWorker->onGatewayMessage(Object(Workerman\Connection\AsyncTcpConnection), Array)
#5 D:\phpStudy\WWW\zc-pm\Workerman\Connection\TcpConnection.php(480): call_user_func(Array, Object(Workerman\Connection\AsyncTcpConnection), Array)
#6 [internal function]: Workerman\Connection\TcpConnection->baseRead(Resource id #24)
#7 D:\phpStudy\WWW\zc-pm\Workerman\Events\Select.php(257): call_user_func_array(Array, Array)
#8 D:\phpStudy\WWW\zc-pm\Workerman\Worker.php(808): Workerman\Events\Select->loop()
#9 D:\phpStudy\WWW\zc-pm\GatewayWorker\BusinessWorker.php(96): Workerman\Worker->run()
#10 D:\phpStudy\WWW\zc-pm\Workerman\Worker.php(457): GatewayWorker\BusinessWorker->run()
#11 D:\phpStudy\WWW\zc-pm\Workerman\Worker.php(366): Workerman\Worker::runAllWorkers()
#12 D:\phpStudy\WWW\zc-pm\Application\Chat\start_businessworker.php(36): Workerman\Worker::runAll()
#13 {main}
2017-04-13 09:14:59 client_id:7f00000108fc0000000b	client_ip:2130706433
exception 'Exception' with message 'client_id 18 is invalid' in D:\phpStudy\WWW\zc-pm\GatewayWorker\Lib\Context.php:102
Stack trace:
#0 D:\phpStudy\WWW\zc-pm\GatewayWorker\Lib\Gateway.php(452): GatewayWorker\Lib\Context::clientIdToAddress('18')
#1 D:\phpStudy\WWW\zc-pm\GatewayWorker\Lib\Gateway.php(78): GatewayWorker\Lib\Gateway::sendCmdAndMessageToClient('18', 5, '{"type":"say","...')
#2 D:\phpStudy\WWW\zc-pm\GatewayWorker\Event.php(97): GatewayWorker\Lib\Gateway::sendToClient('18', '{"type":"say","...')
#3 D:\phpStudy\WWW\zc-pm\GatewayWorker\BusinessWorker.php(216): Event::onMessage('7f00000108fc000...', '{"type":"say","...')
#4 [internal function]: GatewayWorker\BusinessWorker->onGatewayMessage(Object(Workerman\Connection\AsyncTcpConnection), Array)
#5 D:\phpStudy\WWW\zc-pm\Workerman\Connection\TcpConnection.php(480): call_user_func(Array, Object(Workerman\Connection\AsyncTcpConnection), Array)
#6 [internal function]: Workerman\Connection\TcpConnection->baseRead(Resource id #24)
#7 D:\phpStudy\WWW\zc-pm\Workerman\Events\Select.php(257): call_user_func_array(Array, Array)
#8 D:\phpStudy\WWW\zc-pm\Workerman\Worker.php(808): Workerman\Events\Select->loop()
#9 D:\phpStudy\WWW\zc-pm\GatewayWorker\BusinessWorker.php(96): Workerman\Worker->run()
#10 D:\phpStudy\WWW\zc-pm\Workerman\Worker.php(457): GatewayWorker\BusinessWorker->run()
#11 D:\phpStudy\WWW\zc-pm\Workerman\Worker.php(366): Workerman\Worker::runAllWorkers()
#12 D:\phpStudy\WWW\zc-pm\Application\Chat\start_businessworker.php(36): Workerman\Worker::runAll()
#13 {main}
2017-04-13 09:15:00 client_id:7f00000108fc0000000b	client_ip:2130706433
exception 'Exception' with message 'client_id 18 is invalid' in D:\phpStudy\WWW\zc-pm\GatewayWorker\Lib\Context.php:102
Stack trace:
#0 D:\phpStudy\WWW\zc-pm\GatewayWorker\Lib\Gateway.php(452): GatewayWorker\Lib\Context::clientIdToAddress('18')
#1 D:\phpStudy\WWW\zc-pm\GatewayWorker\Lib\Gateway.php(78): GatewayWorker\Lib\Gateway::sendCmdAndMessageToClient('18', 5, '{"type":"say","...')
#2 D:\phpStudy\WWW\zc-pm\GatewayWorker\Event.php(97): GatewayWorker\Lib\Gateway::sendToClient('18', '{"type":"say","...')
#3 D:\phpStudy\WWW\zc-pm\GatewayWorker\BusinessWorker.php(216): Event::onMessage('7f00000108fc000...', '{"type":"say","...')
#4 [internal function]: GatewayWorker\BusinessWorker->onGatewayMessage(Object(Workerman\Connection\AsyncTcpConnection), Array)
#5 D:\phpStudy\WWW\zc-pm\Workerman\Connection\TcpConnection.php(480): call_user_func(Array, Object(Workerman\Connection\AsyncTcpConnection), Array)
#6 [internal function]: Workerman\Connection\TcpConnection->baseRead(Resource id #24)
#7 D:\phpStudy\WWW\zc-pm\Workerman\Events\Select.php(257): call_user_func_array(Array, Array)
#8 D:\phpStudy\WWW\zc-pm\Workerman\Worker.php(808): Workerman\Events\Select->loop()
#9 D:\phpStudy\WWW\zc-pm\GatewayWorker\BusinessWorker.php(96): Workerman\Worker->run()
#10 D:\phpStudy\WWW\zc-pm\Workerman\Worker.php(457): GatewayWorker\BusinessWorker->run()
#11 D:\phpStudy\WWW\zc-pm\Workerman\Worker.php(366): Workerman\Worker::runAllWorkers()
#12 D:\phpStudy\WWW\zc-pm\Application\Chat\start_businessworker.php(36): Workerman\Worker::runAll()
#13 {main}
2017-04-13 10:20:58 client_id:7f00000108fc00000013	client_ip:2130706433
exception 'Exception' with message 'client_id 8 is invalid' in D:\phpStudy\WWW\zc-pm\GatewayWorker\Lib\Context.php:102
Stack trace:
#0 D:\phpStudy\WWW\zc-pm\GatewayWorker\Lib\Gateway.php(452): GatewayWorker\Lib\Context::clientIdToAddress('8')
#1 D:\phpStudy\WWW\zc-pm\GatewayWorker\Lib\Gateway.php(78): GatewayWorker\Lib\Gateway::sendCmdAndMessageToClient('8', 5, '{"type":"say","...')
#2 D:\phpStudy\WWW\zc-pm\GatewayWorker\Event.php(97): GatewayWorker\Lib\Gateway::sendToClient('8', '{"type":"say","...')
#3 D:\phpStudy\WWW\zc-pm\GatewayWorker\BusinessWorker.php(216): Event::onMessage('7f00000108fc000...', '{"type":"say","...')
#4 [internal function]: GatewayWorker\BusinessWorker->onGatewayMessage(Object(Workerman\Connection\AsyncTcpConnection), Array)
#5 D:\phpStudy\WWW\zc-pm\Workerman\Connection\TcpConnection.php(480): call_user_func(Array, Object(Workerman\Connection\AsyncTcpConnection), Array)
#6 [internal function]: Workerman\Connection\TcpConnection->baseRead(Resource id #24)
#7 D:\phpStudy\WWW\zc-pm\Workerman\Events\Select.php(257): call_user_func_array(Array, Array)
#8 D:\phpStudy\WWW\zc-pm\Workerman\Worker.php(808): Workerman\Events\Select->loop()
#9 D:\phpStudy\WWW\zc-pm\GatewayWorker\BusinessWorker.php(96): Workerman\Worker->run()
#10 D:\phpStudy\WWW\zc-pm\Workerman\Worker.php(457): GatewayWorker\BusinessWorker->run()
#11 D:\phpStudy\WWW\zc-pm\Workerman\Worker.php(366): Workerman\Worker::runAllWorkers()
#12 D:\phpStudy\WWW\zc-pm\Application\Chat\start_businessworker.php(36): Workerman\Worker::runAll()
#13 {main}
2017-04-13 10:21:08 client_id:7f00000108fc00000013	client_ip:2130706433
exception 'Exception' with message 'client_id 8 is invalid' in D:\phpStudy\WWW\zc-pm\GatewayWorker\Lib\Context.php:102
Stack trace:
#0 D:\phpStudy\WWW\zc-pm\GatewayWorker\Lib\Gateway.php(452): GatewayWorker\Lib\Context::clientIdToAddress('8')
#1 D:\phpStudy\WWW\zc-pm\GatewayWorker\Lib\Gateway.php(78): GatewayWorker\Lib\Gateway::sendCmdAndMessageToClient('8', 5, '{"type":"say","...')
#2 D:\phpStudy\WWW\zc-pm\GatewayWorker\Event.php(97): GatewayWorker\Lib\Gateway::sendToClient('8', '{"type":"say","...')
#3 D:\phpStudy\WWW\zc-pm\GatewayWorker\BusinessWorker.php(216): Event::onMessage('7f00000108fc000...', '{"type":"say","...')
#4 [internal function]: GatewayWorker\BusinessWorker->onGatewayMessage(Object(Workerman\Connection\AsyncTcpConnection), Array)
#5 D:\phpStudy\WWW\zc-pm\Workerman\Connection\TcpConnection.php(480): call_user_func(Array, Object(Workerman\Connection\AsyncTcpConnection), Array)
#6 [internal function]: Workerman\Connection\TcpConnection->baseRead(Resource id #24)
#7 D:\phpStudy\WWW\zc-pm\Workerman\Events\Select.php(257): call_user_func_array(Array, Array)
#8 D:\phpStudy\WWW\zc-pm\Workerman\Worker.php(808): Workerman\Events\Select->loop()
#9 D:\phpStudy\WWW\zc-pm\GatewayWorker\BusinessWorker.php(96): Workerman\Worker->run()
#10 D:\phpStudy\WWW\zc-pm\Workerman\Worker.php(457): GatewayWorker\BusinessWorker->run()
#11 D:\phpStudy\WWW\zc-pm\Workerman\Worker.php(366): Workerman\Worker::runAllWorkers()
#12 D:\phpStudy\WWW\zc-pm\Application\Chat\start_businessworker.php(36): Workerman\Worker::runAll()
#13 {main}
2017-04-13 10:23:46 client_id:7f00000108fc00000013	client_ip:2130706433
exception 'Exception' with message 'client_id 6 is invalid' in D:\phpStudy\WWW\zc-pm\GatewayWorker\Lib\Context.php:102
Stack trace:
#0 D:\phpStudy\WWW\zc-pm\GatewayWorker\Lib\Gateway.php(452): GatewayWorker\Lib\Context::clientIdToAddress('6')
#1 D:\phpStudy\WWW\zc-pm\GatewayWorker\Lib\Gateway.php(78): GatewayWorker\Lib\Gateway::sendCmdAndMessageToClient('6', 5, '{"type":"say","...')
#2 D:\phpStudy\WWW\zc-pm\GatewayWorker\Event.php(97): GatewayWorker\Lib\Gateway::sendToClient('6', '{"type":"say","...')
#3 D:\phpStudy\WWW\zc-pm\GatewayWorker\BusinessWorker.php(216): Event::onMessage('7f00000108fc000...', '{"type":"say","...')
#4 [internal function]: GatewayWorker\BusinessWorker->onGatewayMessage(Object(Workerman\Connection\AsyncTcpConnection), Array)
#5 D:\phpStudy\WWW\zc-pm\Workerman\Connection\TcpConnection.php(480): call_user_func(Array, Object(Workerman\Connection\AsyncTcpConnection), Array)
#6 [internal function]: Workerman\Connection\TcpConnection->baseRead(Resource id #24)
#7 D:\phpStudy\WWW\zc-pm\Workerman\Events\Select.php(257): call_user_func_array(Array, Array)
#8 D:\phpStudy\WWW\zc-pm\Workerman\Worker.php(808): Workerman\Events\Select->loop()
#9 D:\phpStudy\WWW\zc-pm\GatewayWorker\BusinessWorker.php(96): Workerman\Worker->run()
#10 D:\phpStudy\WWW\zc-pm\Workerman\Worker.php(457): GatewayWorker\BusinessWorker->run()
#11 D:\phpStudy\WWW\zc-pm\Workerman\Worker.php(366): Workerman\Worker::runAllWorkers()
#12 D:\phpStudy\WWW\zc-pm\Application\Chat\start_businessworker.php(36): Workerman\Worker::runAll()
#13 {main}
2017-04-13 10:23:47 client_id:7f00000108fc00000013	client_ip:2130706433
exception 'Exception' with message 'client_id 6 is invalid' in D:\phpStudy\WWW\zc-pm\GatewayWorker\Lib\Context.php:102
Stack trace:
#0 D:\phpStudy\WWW\zc-pm\GatewayWorker\Lib\Gateway.php(452): GatewayWorker\Lib\Context::clientIdToAddress('6')
#1 D:\phpStudy\WWW\zc-pm\GatewayWorker\Lib\Gateway.php(78): GatewayWorker\Lib\Gateway::sendCmdAndMessageToClient('6', 5, '{"type":"say","...')
#2 D:\phpStudy\WWW\zc-pm\GatewayWorker\Event.php(97): GatewayWorker\Lib\Gateway::sendToClient('6', '{"type":"say","...')
#3 D:\phpStudy\WWW\zc-pm\GatewayWorker\BusinessWorker.php(216): Event::onMessage('7f00000108fc000...', '{"type":"say","...')
#4 [internal function]: GatewayWorker\BusinessWorker->onGatewayMessage(Object(Workerman\Connection\AsyncTcpConnection), Array)
#5 D:\phpStudy\WWW\zc-pm\Workerman\Connection\TcpConnection.php(480): call_user_func(Array, Object(Workerman\Connection\AsyncTcpConnection), Array)
#6 [internal function]: Workerman\Connection\TcpConnection->baseRead(Resource id #24)
#7 D:\phpStudy\WWW\zc-pm\Workerman\Events\Select.php(257): call_user_func_array(Array, Array)
#8 D:\phpStudy\WWW\zc-pm\Workerman\Worker.php(808): Workerman\Events\Select->loop()
#9 D:\phpStudy\WWW\zc-pm\GatewayWorker\BusinessWorker.php(96): Workerman\Worker->run()
#10 D:\phpStudy\WWW\zc-pm\Workerman\Worker.php(457): GatewayWorker\BusinessWorker->run()
#11 D:\phpStudy\WWW\zc-pm\Workerman\Worker.php(366): Workerman\Worker::runAllWorkers()
#12 D:\phpStudy\WWW\zc-pm\Application\Chat\start_businessworker.php(36): Workerman\Worker::runAll()
#13 {main}
2017-04-13 10:23:47 client_id:7f00000108fc00000013	client_ip:2130706433
exception 'Exception' with message 'client_id 6 is invalid' in D:\phpStudy\WWW\zc-pm\GatewayWorker\Lib\Context.php:102
Stack trace:
#0 D:\phpStudy\WWW\zc-pm\GatewayWorker\Lib\Gateway.php(452): GatewayWorker\Lib\Context::clientIdToAddress('6')
#1 D:\phpStudy\WWW\zc-pm\GatewayWorker\Lib\Gateway.php(78): GatewayWorker\Lib\Gateway::sendCmdAndMessageToClient('6', 5, '{"type":"say","...')
#2 D:\phpStudy\WWW\zc-pm\GatewayWorker\Event.php(97): GatewayWorker\Lib\Gateway::sendToClient('6', '{"type":"say","...')
#3 D:\phpStudy\WWW\zc-pm\GatewayWorker\BusinessWorker.php(216): Event::onMessage('7f00000108fc000...', '{"type":"say","...')
#4 [internal function]: GatewayWorker\BusinessWorker->onGatewayMessage(Object(Workerman\Connection\AsyncTcpConnection), Array)
#5 D:\phpStudy\WWW\zc-pm\Workerman\Connection\TcpConnection.php(480): call_user_func(Array, Object(Workerman\Connection\AsyncTcpConnection), Array)
#6 [internal function]: Workerman\Connection\TcpConnection->baseRead(Resource id #24)
#7 D:\phpStudy\WWW\zc-pm\Workerman\Events\Select.php(257): call_user_func_array(Array, Array)
#8 D:\phpStudy\WWW\zc-pm\Workerman\Worker.php(808): Workerman\Events\Select->loop()
#9 D:\phpStudy\WWW\zc-pm\GatewayWorker\BusinessWorker.php(96): Workerman\Worker->run()
#10 D:\phpStudy\WWW\zc-pm\Workerman\Worker.php(457): GatewayWorker\BusinessWorker->run()
#11 D:\phpStudy\WWW\zc-pm\Workerman\Worker.php(366): Workerman\Worker::runAllWorkers()
#12 D:\phpStudy\WWW\zc-pm\Application\Chat\start_businessworker.php(36): Workerman\Worker::runAll()
#13 {main}
2017-04-13 10:24:01 client_id:7f00000108fc00000013	client_ip:2130706433
exception 'Exception' with message 'client_id 6 is invalid' in D:\phpStudy\WWW\zc-pm\GatewayWorker\Lib\Context.php:102
Stack trace:
#0 D:\phpStudy\WWW\zc-pm\GatewayWorker\Lib\Gateway.php(452): GatewayWorker\Lib\Context::clientIdToAddress('6')
#1 D:\phpStudy\WWW\zc-pm\GatewayWorker\Lib\Gateway.php(78): GatewayWorker\Lib\Gateway::sendCmdAndMessageToClient('6', 5, '{"type":"say","...')
#2 D:\phpStudy\WWW\zc-pm\GatewayWorker\Event.php(97): GatewayWorker\Lib\Gateway::sendToClient('6', '{"type":"say","...')
#3 D:\phpStudy\WWW\zc-pm\GatewayWorker\BusinessWorker.php(216): Event::onMessage('7f00000108fc000...', '{"type":"say","...')
#4 [internal function]: GatewayWorker\BusinessWorker->onGatewayMessage(Object(Workerman\Connection\AsyncTcpConnection), Array)
#5 D:\phpStudy\WWW\zc-pm\Workerman\Connection\TcpConnection.php(480): call_user_func(Array, Object(Workerman\Connection\AsyncTcpConnection), Array)
#6 [internal function]: Workerman\Connection\TcpConnection->baseRead(Resource id #24)
#7 D:\phpStudy\WWW\zc-pm\Workerman\Events\Select.php(257): call_user_func_array(Array, Array)
#8 D:\phpStudy\WWW\zc-pm\Workerman\Worker.php(808): Workerman\Events\Select->loop()
#9 D:\phpStudy\WWW\zc-pm\GatewayWorker\BusinessWorker.php(96): Workerman\Worker->run()
#10 D:\phpStudy\WWW\zc-pm\Workerman\Worker.php(457): GatewayWorker\BusinessWorker->run()
#11 D:\phpStudy\WWW\zc-pm\Workerman\Worker.php(366): Workerman\Worker::runAllWorkers()
#12 D:\phpStudy\WWW\zc-pm\Application\Chat\start_businessworker.php(36): Workerman\Worker::runAll()
#13 {main}
2017-04-13 10:31:37 client_id:7f00000108fc00000005	client_ip:2130706433
exception 'Exception' with message 'client_id 11 is invalid' in D:\phpStudy\WWW\zc-pm\GatewayWorker\Lib\Context.php:102
Stack trace:
#0 D:\phpStudy\WWW\zc-pm\GatewayWorker\Lib\Gateway.php(452): GatewayWorker\Lib\Context::clientIdToAddress('11')
#1 D:\phpStudy\WWW\zc-pm\GatewayWorker\Lib\Gateway.php(78): GatewayWorker\Lib\Gateway::sendCmdAndMessageToClient('11', 5, '{"type":"say","...')
#2 D:\phpStudy\WWW\zc-pm\GatewayWorker\Event.php(97): GatewayWorker\Lib\Gateway::sendToClient('11', '{"type":"say","...')
#3 D:\phpStudy\WWW\zc-pm\GatewayWorker\BusinessWorker.php(216): Event::onMessage('7f00000108fc000...', '{"type":"say","...')
#4 [internal function]: GatewayWorker\BusinessWorker->onGatewayMessage(Object(Workerman\Connection\AsyncTcpConnection), Array)
#5 D:\phpStudy\WWW\zc-pm\Workerman\Connection\TcpConnection.php(480): call_user_func(Array, Object(Workerman\Connection\AsyncTcpConnection), Array)
#6 [internal function]: Workerman\Connection\TcpConnection->baseRead(Resource id #24)
#7 D:\phpStudy\WWW\zc-pm\Workerman\Events\Select.php(257): call_user_func_array(Array, Array)
#8 D:\phpStudy\WWW\zc-pm\Workerman\Worker.php(808): Workerman\Events\Select->loop()
#9 D:\phpStudy\WWW\zc-pm\GatewayWorker\BusinessWorker.php(96): Workerman\Worker->run()
#10 D:\phpStudy\WWW\zc-pm\Workerman\Worker.php(457): GatewayWorker\BusinessWorker->run()
#11 D:\phpStudy\WWW\zc-pm\Workerman\Worker.php(366): Workerman\Worker::runAllWorkers()
#12 D:\phpStudy\WWW\zc-pm\Application\Chat\start_businessworker.php(36): Workerman\Worker::runAll()
#13 {main}
2017-04-13 10:31:38 client_id:7f00000108fc00000005	client_ip:2130706433
exception 'Exception' with message 'client_id 11 is invalid' in D:\phpStudy\WWW\zc-pm\GatewayWorker\Lib\Context.php:102
Stack trace:
#0 D:\phpStudy\WWW\zc-pm\GatewayWorker\Lib\Gateway.php(452): GatewayWorker\Lib\Context::clientIdToAddress('11')
#1 D:\phpStudy\WWW\zc-pm\GatewayWorker\Lib\Gateway.php(78): GatewayWorker\Lib\Gateway::sendCmdAndMessageToClient('11', 5, '{"type":"say","...')
#2 D:\phpStudy\WWW\zc-pm\GatewayWorker\Event.php(97): GatewayWorker\Lib\Gateway::sendToClient('11', '{"type":"say","...')
#3 D:\phpStudy\WWW\zc-pm\GatewayWorker\BusinessWorker.php(216): Event::onMessage('7f00000108fc000...', '{"type":"say","...')
#4 [internal function]: GatewayWorker\BusinessWorker->onGatewayMessage(Object(Workerman\Connection\AsyncTcpConnection), Array)
#5 D:\phpStudy\WWW\zc-pm\Workerman\Connection\TcpConnection.php(480): call_user_func(Array, Object(Workerman\Connection\AsyncTcpConnection), Array)
#6 [internal function]: Workerman\Connection\TcpConnection->baseRead(Resource id #24)
#7 D:\phpStudy\WWW\zc-pm\Workerman\Events\Select.php(257): call_user_func_array(Array, Array)
#8 D:\phpStudy\WWW\zc-pm\Workerman\Worker.php(808): Workerman\Events\Select->loop()
#9 D:\phpStudy\WWW\zc-pm\GatewayWorker\BusinessWorker.php(96): Workerman\Worker->run()
#10 D:\phpStudy\WWW\zc-pm\Workerman\Worker.php(457): GatewayWorker\BusinessWorker->run()
#11 D:\phpStudy\WWW\zc-pm\Workerman\Worker.php(366): Workerman\Worker::runAllWorkers()
#12 D:\phpStudy\WWW\zc-pm\Application\Chat\start_businessworker.php(36): Workerman\Worker::runAll()
#13 {main}
2017-04-13 10:32:36 client_id:7f00000108fc0000000b	client_ip:2130706433
exception 'Exception' with message 'client_id 4 is invalid' in D:\phpStudy\WWW\zc-pm\GatewayWorker\Lib\Context.php:102
Stack trace:
#0 D:\phpStudy\WWW\zc-pm\GatewayWorker\Lib\Gateway.php(452): GatewayWorker\Lib\Context::clientIdToAddress('4')
#1 D:\phpStudy\WWW\zc-pm\GatewayWorker\Lib\Gateway.php(78): GatewayWorker\Lib\Gateway::sendCmdAndMessageToClient('4', 5, '{"type":"say","...')
#2 D:\phpStudy\WWW\zc-pm\GatewayWorker\Event.php(97): GatewayWorker\Lib\Gateway::sendToClient('4', '{"type":"say","...')
#3 D:\phpStudy\WWW\zc-pm\GatewayWorker\BusinessWorker.php(216): Event::onMessage('7f00000108fc000...', '{"type":"say","...')
#4 [internal function]: GatewayWorker\BusinessWorker->onGatewayMessage(Object(Workerman\Connection\AsyncTcpConnection), Array)
#5 D:\phpStudy\WWW\zc-pm\Workerman\Connection\TcpConnection.php(480): call_user_func(Array, Object(Workerman\Connection\AsyncTcpConnection), Array)
#6 [internal function]: Workerman\Connection\TcpConnection->baseRead(Resource id #24)
#7 D:\phpStudy\WWW\zc-pm\Workerman\Events\Select.php(257): call_user_func_array(Array, Array)
#8 D:\phpStudy\WWW\zc-pm\Workerman\Worker.php(808): Workerman\Events\Select->loop()
#9 D:\phpStudy\WWW\zc-pm\GatewayWorker\BusinessWorker.php(96): Workerman\Worker->run()
#10 D:\phpStudy\WWW\zc-pm\Workerman\Worker.php(457): GatewayWorker\BusinessWorker->run()
#11 D:\phpStudy\WWW\zc-pm\Workerman\Worker.php(366): Workerman\Worker::runAllWorkers()
#12 D:\phpStudy\WWW\zc-pm\Application\Chat\start_businessworker.php(36): Workerman\Worker::runAll()
#13 {main}
2017-04-13 10:42:28 client_id:7f00000108fc00000007	client_ip:2130706433
exception 'Exception' with message 'client_id 3 is invalid' in D:\phpStudy\WWW\zc-pm\GatewayWorker\Lib\Context.php:102
Stack trace:
#0 D:\phpStudy\WWW\zc-pm\GatewayWorker\Lib\Gateway.php(452): GatewayWorker\Lib\Context::clientIdToAddress('3')
#1 D:\phpStudy\WWW\zc-pm\GatewayWorker\Lib\Gateway.php(78): GatewayWorker\Lib\Gateway::sendCmdAndMessageToClient('3', 5, '{"type":"say","...')
#2 D:\phpStudy\WWW\zc-pm\GatewayWorker\Event.php(99): GatewayWorker\Lib\Gateway::sendToClient('3', '{"type":"say","...')
#3 D:\phpStudy\WWW\zc-pm\GatewayWorker\BusinessWorker.php(216): Event::onMessage('7f00000108fc000...', '{"type":"say","...')
#4 [internal function]: GatewayWorker\BusinessWorker->onGatewayMessage(Object(Workerman\Connection\AsyncTcpConnection), Array)
#5 D:\phpStudy\WWW\zc-pm\Workerman\Connection\TcpConnection.php(480): call_user_func(Array, Object(Workerman\Connection\AsyncTcpConnection), Array)
#6 [internal function]: Workerman\Connection\TcpConnection->baseRead(Resource id #24)
#7 D:\phpStudy\WWW\zc-pm\Workerman\Events\Select.php(257): call_user_func_array(Array, Array)
#8 D:\phpStudy\WWW\zc-pm\Workerman\Worker.php(808): Workerman\Events\Select->loop()
#9 D:\phpStudy\WWW\zc-pm\GatewayWorker\BusinessWorker.php(96): Workerman\Worker->run()
#10 D:\phpStudy\WWW\zc-pm\Workerman\Worker.php(457): GatewayWorker\BusinessWorker->run()
#11 D:\phpStudy\WWW\zc-pm\Workerman\Worker.php(366): Workerman\Worker::runAllWorkers()
#12 D:\phpStudy\WWW\zc-pm\Application\Chat\start_businessworker.php(36): Workerman\Worker::runAll()
#13 {main}
2017-04-13 10:43:47 client_id:7f00000108fc00000007	client_ip:2130706433
exception 'Exception' with message 'client_id 3 is invalid' in D:\phpStudy\WWW\zc-pm\GatewayWorker\Lib\Context.php:102
Stack trace:
#0 D:\phpStudy\WWW\zc-pm\GatewayWorker\Lib\Gateway.php(452): GatewayWorker\Lib\Context::clientIdToAddress('3')
#1 D:\phpStudy\WWW\zc-pm\GatewayWorker\Lib\Gateway.php(78): GatewayWorker\Lib\Gateway::sendCmdAndMessageToClient('3', 5, '{"type":"say","...')
#2 D:\phpStudy\WWW\zc-pm\GatewayWorker\Event.php(99): GatewayWorker\Lib\Gateway::sendToClient('3', '{"type":"say","...')
#3 D:\phpStudy\WWW\zc-pm\GatewayWorker\BusinessWorker.php(216): Event::onMessage('7f00000108fc000...', '{"type":"say","...')
#4 [internal function]: GatewayWorker\BusinessWorker->onGatewayMessage(Object(Workerman\Connection\AsyncTcpConnection), Array)
#5 D:\phpStudy\WWW\zc-pm\Workerman\Connection\TcpConnection.php(480): call_user_func(Array, Object(Workerman\Connection\AsyncTcpConnection), Array)
#6 [internal function]: Workerman\Connection\TcpConnection->baseRead(Resource id #24)
#7 D:\phpStudy\WWW\zc-pm\Workerman\Events\Select.php(257): call_user_func_array(Array, Array)
#8 D:\phpStudy\WWW\zc-pm\Workerman\Worker.php(808): Workerman\Events\Select->loop()
#9 D:\phpStudy\WWW\zc-pm\GatewayWorker\BusinessWorker.php(96): Workerman\Worker->run()
#10 D:\phpStudy\WWW\zc-pm\Workerman\Worker.php(457): GatewayWorker\BusinessWorker->run()
#11 D:\phpStudy\WWW\zc-pm\Workerman\Worker.php(366): Workerman\Worker::runAllWorkers()
#12 D:\phpStudy\WWW\zc-pm\Application\Chat\start_businessworker.php(36): Workerman\Worker::runAll()
#13 {main}
2017-04-13 11:10:02 client_id:7f00000108fc0000000d	client_ip:2130706433
exception 'Exception' with message 'client_id 000000000050000000093 is invalid' in D:\phpStudy\WWW\zc-pm\GatewayWorker\Lib\Context.php:102
Stack trace:
#0 D:\phpStudy\WWW\zc-pm\GatewayWorker\Lib\Gateway.php(452): GatewayWorker\Lib\Context::clientIdToAddress('000000000050000...')
#1 D:\phpStudy\WWW\zc-pm\GatewayWorker\Lib\Gateway.php(78): GatewayWorker\Lib\Gateway::sendCmdAndMessageToClient('000000000050000...', 5, '{"type":"say","...')
#2 D:\phpStudy\WWW\zc-pm\GatewayWorker\Event.php(99): GatewayWorker\Lib\Gateway::sendToClient('000000000050000...', '{"type":"say","...')
#3 D:\phpStudy\WWW\zc-pm\GatewayWorker\BusinessWorker.php(216): Event::onMessage('7f00000108fc000...', '{"type":"say","...')
#4 [internal function]: GatewayWorker\BusinessWorker->onGatewayMessage(Object(Workerman\Connection\AsyncTcpConnection), Array)
#5 D:\phpStudy\WWW\zc-pm\Workerman\Connection\TcpConnection.php(480): call_user_func(Array, Object(Workerman\Connection\AsyncTcpConnection), Array)
#6 [internal function]: Workerman\Connection\TcpConnection->baseRead(Resource id #24)
#7 D:\phpStudy\WWW\zc-pm\Workerman\Events\Select.php(257): call_user_func_array(Array, Array)
#8 D:\phpStudy\WWW\zc-pm\Workerman\Worker.php(808): Workerman\Events\Select->loop()
#9 D:\phpStudy\WWW\zc-pm\GatewayWorker\BusinessWorker.php(96): Workerman\Worker->run()
#10 D:\phpStudy\WWW\zc-pm\Workerman\Worker.php(457): GatewayWorker\BusinessWorker->run()
#11 D:\phpStudy\WWW\zc-pm\Workerman\Worker.php(366): Workerman\Worker::runAllWorkers()
#12 D:\phpStudy\WWW\zc-pm\Application\Chat\start_businessworker.php(36): Workerman\Worker::runAll()
#13 {main}
2017-04-13 11:10:04 client_id:7f00000108fc0000000d	client_ip:2130706433
exception 'Exception' with message 'client_id 000000000050000000093 is invalid' in D:\phpStudy\WWW\zc-pm\GatewayWorker\Lib\Context.php:102
Stack trace:
#0 D:\phpStudy\WWW\zc-pm\GatewayWorker\Lib\Gateway.php(452): GatewayWorker\Lib\Context::clientIdToAddress('000000000050000...')
#1 D:\phpStudy\WWW\zc-pm\GatewayWorker\Lib\Gateway.php(78): GatewayWorker\Lib\Gateway::sendCmdAndMessageToClient('000000000050000...', 5, '{"type":"say","...')
#2 D:\phpStudy\WWW\zc-pm\GatewayWorker\Event.php(99): GatewayWorker\Lib\Gateway::sendToClient('000000000050000...', '{"type":"say","...')
#3 D:\phpStudy\WWW\zc-pm\GatewayWorker\BusinessWorker.php(216): Event::onMessage('7f00000108fc000...', '{"type":"say","...')
#4 [internal function]: GatewayWorker\BusinessWorker->onGatewayMessage(Object(Workerman\Connection\AsyncTcpConnection), Array)
#5 D:\phpStudy\WWW\zc-pm\Workerman\Connection\TcpConnection.php(480): call_user_func(Array, Object(Workerman\Connection\AsyncTcpConnection), Array)
#6 [internal function]: Workerman\Connection\TcpConnection->baseRead(Resource id #24)
#7 D:\phpStudy\WWW\zc-pm\Workerman\Events\Select.php(257): call_user_func_array(Array, Array)
#8 D:\phpStudy\WWW\zc-pm\Workerman\Worker.php(808): Workerman\Events\Select->loop()
#9 D:\phpStudy\WWW\zc-pm\GatewayWorker\BusinessWorker.php(96): Workerman\Worker->run()
#10 D:\phpStudy\WWW\zc-pm\Workerman\Worker.php(457): GatewayWorker\BusinessWorker->run()
#11 D:\phpStudy\WWW\zc-pm\Workerman\Worker.php(366): Workerman\Worker::runAllWorkers()
#12 D:\phpStudy\WWW\zc-pm\Application\Chat\start_businessworker.php(36): Workerman\Worker::runAll()
#13 {main}
2017-04-13 11:10:11 client_id:7f00000108fc0000000d	client_ip:2130706433
exception 'Exception' with message 'client_id 000000000050000000090 is invalid' in D:\phpStudy\WWW\zc-pm\GatewayWorker\Lib\Context.php:102
Stack trace:
#0 D:\phpStudy\WWW\zc-pm\GatewayWorker\Lib\Gateway.php(452): GatewayWorker\Lib\Context::clientIdToAddress('000000000050000...')
#1 D:\phpStudy\WWW\zc-pm\GatewayWorker\Lib\Gateway.php(78): GatewayWorker\Lib\Gateway::sendCmdAndMessageToClient('000000000050000...', 5, '{"type":"say","...')
#2 D:\phpStudy\WWW\zc-pm\GatewayWorker\Event.php(99): GatewayWorker\Lib\Gateway::sendToClient('000000000050000...', '{"type":"say","...')
#3 D:\phpStudy\WWW\zc-pm\GatewayWorker\BusinessWorker.php(216): Event::onMessage('7f00000108fc000...', '{"type":"say","...')
#4 [internal function]: GatewayWorker\BusinessWorker->onGatewayMessage(Object(Workerman\Connection\AsyncTcpConnection), Array)
#5 D:\phpStudy\WWW\zc-pm\Workerman\Connection\TcpConnection.php(480): call_user_func(Array, Object(Workerman\Connection\AsyncTcpConnection), Array)
#6 [internal function]: Workerman\Connection\TcpConnection->baseRead(Resource id #24)
#7 D:\phpStudy\WWW\zc-pm\Workerman\Events\Select.php(257): call_user_func_array(Array, Array)
#8 D:\phpStudy\WWW\zc-pm\Workerman\Worker.php(808): Workerman\Events\Select->loop()
#9 D:\phpStudy\WWW\zc-pm\GatewayWorker\BusinessWorker.php(96): Workerman\Worker->run()
#10 D:\phpStudy\WWW\zc-pm\Workerman\Worker.php(457): GatewayWorker\BusinessWorker->run()
#11 D:\phpStudy\WWW\zc-pm\Workerman\Worker.php(366): Workerman\Worker::runAllWorkers()
#12 D:\phpStudy\WWW\zc-pm\Application\Chat\start_businessworker.php(36): Workerman\Worker::runAll()
#13 {main}
2017-04-13 11:10:12 client_id:7f00000108fc0000000d	client_ip:2130706433
exception 'Exception' with message 'client_id 000000000050000000090 is invalid' in D:\phpStudy\WWW\zc-pm\GatewayWorker\Lib\Context.php:102
Stack trace:
#0 D:\phpStudy\WWW\zc-pm\GatewayWorker\Lib\Gateway.php(452): GatewayWorker\Lib\Context::clientIdToAddress('000000000050000...')
#1 D:\phpStudy\WWW\zc-pm\GatewayWorker\Lib\Gateway.php(78): GatewayWorker\Lib\Gateway::sendCmdAndMessageToClient('000000000050000...', 5, '{"type":"say","...')
#2 D:\phpStudy\WWW\zc-pm\GatewayWorker\Event.php(99): GatewayWorker\Lib\Gateway::sendToClient('000000000050000...', '{"type":"say","...')
#3 D:\phpStudy\WWW\zc-pm\GatewayWorker\BusinessWorker.php(216): Event::onMessage('7f00000108fc000...', '{"type":"say","...')
#4 [internal function]: GatewayWorker\BusinessWorker->onGatewayMessage(Object(Workerman\Connection\AsyncTcpConnection), Array)
#5 D:\phpStudy\WWW\zc-pm\Workerman\Connection\TcpConnection.php(480): call_user_func(Array, Object(Workerman\Connection\AsyncTcpConnection), Array)
#6 [internal function]: Workerman\Connection\TcpConnection->baseRead(Resource id #24)
#7 D:\phpStudy\WWW\zc-pm\Workerman\Events\Select.php(257): call_user_func_array(Array, Array)
#8 D:\phpStudy\WWW\zc-pm\Workerman\Worker.php(808): Workerman\Events\Select->loop()
#9 D:\phpStudy\WWW\zc-pm\GatewayWorker\BusinessWorker.php(96): Workerman\Worker->run()
#10 D:\phpStudy\WWW\zc-pm\Workerman\Worker.php(457): GatewayWorker\BusinessWorker->run()
#11 D:\phpStudy\WWW\zc-pm\Workerman\Worker.php(366): Workerman\Worker::runAllWorkers()
#12 D:\phpStudy\WWW\zc-pm\Application\Chat\start_businessworker.php(36): Workerman\Worker::runAll()
#13 {main}
2017-04-13 11:10:13 client_id:7f00000108fc0000000d	client_ip:2130706433
exception 'Exception' with message 'client_id 000000000050000000090 is invalid' in D:\phpStudy\WWW\zc-pm\GatewayWorker\Lib\Context.php:102
Stack trace:
#0 D:\phpStudy\WWW\zc-pm\GatewayWorker\Lib\Gateway.php(452): GatewayWorker\Lib\Context::clientIdToAddress('000000000050000...')
#1 D:\phpStudy\WWW\zc-pm\GatewayWorker\Lib\Gateway.php(78): GatewayWorker\Lib\Gateway::sendCmdAndMessageToClient('000000000050000...', 5, '{"type":"say","...')
#2 D:\phpStudy\WWW\zc-pm\GatewayWorker\Event.php(99): GatewayWorker\Lib\Gateway::sendToClient('000000000050000...', '{"type":"say","...')
#3 D:\phpStudy\WWW\zc-pm\GatewayWorker\BusinessWorker.php(216): Event::onMessage('7f00000108fc000...', '{"type":"say","...')
#4 [internal function]: GatewayWorker\BusinessWorker->onGatewayMessage(Object(Workerman\Connection\AsyncTcpConnection), Array)
#5 D:\phpStudy\WWW\zc-pm\Workerman\Connection\TcpConnection.php(480): call_user_func(Array, Object(Workerman\Connection\AsyncTcpConnection), Array)
#6 [internal function]: Workerman\Connection\TcpConnection->baseRead(Resource id #24)
#7 D:\phpStudy\WWW\zc-pm\Workerman\Events\Select.php(257): call_user_func_array(Array, Array)
#8 D:\phpStudy\WWW\zc-pm\Workerman\Worker.php(808): Workerman\Events\Select->loop()
#9 D:\phpStudy\WWW\zc-pm\GatewayWorker\BusinessWorker.php(96): Workerman\Worker->run()
#10 D:\phpStudy\WWW\zc-pm\Workerman\Worker.php(457): GatewayWorker\BusinessWorker->run()
#11 D:\phpStudy\WWW\zc-pm\Workerman\Worker.php(366): Workerman\Worker::runAllWorkers()
#12 D:\phpStudy\WWW\zc-pm\Application\Chat\start_businessworker.php(36): Workerman\Worker::runAll()
#13 {main}
2017-04-13 11:10:13 client_id:7f00000108fc0000000d	client_ip:2130706433
exception 'Exception' with message 'client_id 000000000050000000090 is invalid' in D:\phpStudy\WWW\zc-pm\GatewayWorker\Lib\Context.php:102
Stack trace:
#0 D:\phpStudy\WWW\zc-pm\GatewayWorker\Lib\Gateway.php(452): GatewayWorker\Lib\Context::clientIdToAddress('000000000050000...')
#1 D:\phpStudy\WWW\zc-pm\GatewayWorker\Lib\Gateway.php(78): GatewayWorker\Lib\Gateway::sendCmdAndMessageToClient('000000000050000...', 5, '{"type":"say","...')
#2 D:\phpStudy\WWW\zc-pm\GatewayWorker\Event.php(99): GatewayWorker\Lib\Gateway::sendToClient('000000000050000...', '{"type":"say","...')
#3 D:\phpStudy\WWW\zc-pm\GatewayWorker\BusinessWorker.php(216): Event::onMessage('7f00000108fc000...', '{"type":"say","...')
#4 [internal function]: GatewayWorker\BusinessWorker->onGatewayMessage(Object(Workerman\Connection\AsyncTcpConnection), Array)
#5 D:\phpStudy\WWW\zc-pm\Workerman\Connection\TcpConnection.php(480): call_user_func(Array, Object(Workerman\Connection\AsyncTcpConnection), Array)
#6 [internal function]: Workerman\Connection\TcpConnection->baseRead(Resource id #24)
#7 D:\phpStudy\WWW\zc-pm\Workerman\Events\Select.php(257): call_user_func_array(Array, Array)
#8 D:\phpStudy\WWW\zc-pm\Workerman\Worker.php(808): Workerman\Events\Select->loop()
#9 D:\phpStudy\WWW\zc-pm\GatewayWorker\BusinessWorker.php(96): Workerman\Worker->run()
#10 D:\phpStudy\WWW\zc-pm\Workerman\Worker.php(457): GatewayWorker\BusinessWorker->run()
#11 D:\phpStudy\WWW\zc-pm\Workerman\Worker.php(366): Workerman\Worker::runAllWorkers()
#12 D:\phpStudy\WWW\zc-pm\Application\Chat\start_businessworker.php(36): Workerman\Worker::runAll()
#13 {main}
2017-04-13 11:10:13 client_id:7f00000108fc0000000d	client_ip:2130706433
exception 'Exception' with message 'client_id 000000000050000000090 is invalid' in D:\phpStudy\WWW\zc-pm\GatewayWorker\Lib\Context.php:102
Stack trace:
#0 D:\phpStudy\WWW\zc-pm\GatewayWorker\Lib\Gateway.php(452): GatewayWorker\Lib\Context::clientIdToAddress('000000000050000...')
#1 D:\phpStudy\WWW\zc-pm\GatewayWorker\Lib\Gateway.php(78): GatewayWorker\Lib\Gateway::sendCmdAndMessageToClient('000000000050000...', 5, '{"type":"say","...')
#2 D:\phpStudy\WWW\zc-pm\GatewayWorker\Event.php(99): GatewayWorker\Lib\Gateway::sendToClient('000000000050000...', '{"type":"say","...')
#3 D:\phpStudy\WWW\zc-pm\GatewayWorker\BusinessWorker.php(216): Event::onMessage('7f00000108fc000...', '{"type":"say","...')
#4 [internal function]: GatewayWorker\BusinessWorker->onGatewayMessage(Object(Workerman\Connection\AsyncTcpConnection), Array)
#5 D:\phpStudy\WWW\zc-pm\Workerman\Connection\TcpConnection.php(480): call_user_func(Array, Object(Workerman\Connection\AsyncTcpConnection), Array)
#6 [internal function]: Workerman\Connection\TcpConnection->baseRead(Resource id #24)
#7 D:\phpStudy\WWW\zc-pm\Workerman\Events\Select.php(257): call_user_func_array(Array, Array)
#8 D:\phpStudy\WWW\zc-pm\Workerman\Worker.php(808): Workerman\Events\Select->loop()
#9 D:\phpStudy\WWW\zc-pm\GatewayWorker\BusinessWorker.php(96): Workerman\Worker->run()
#10 D:\phpStudy\WWW\zc-pm\Workerman\Worker.php(457): GatewayWorker\BusinessWorker->run()
#11 D:\phpStudy\WWW\zc-pm\Workerman\Worker.php(366): Workerman\Worker::runAllWorkers()
#12 D:\phpStudy\WWW\zc-pm\Application\Chat\start_businessworker.php(36): Workerman\Worker::runAll()
#13 {main}
2017-04-13 11:10:13 client_id:7f00000108fc0000000d	client_ip:2130706433
exception 'Exception' with message 'client_id 000000000050000000090 is invalid' in D:\phpStudy\WWW\zc-pm\GatewayWorker\Lib\Context.php:102
Stack trace:
#0 D:\phpStudy\WWW\zc-pm\GatewayWorker\Lib\Gateway.php(452): GatewayWorker\Lib\Context::clientIdToAddress('000000000050000...')
#1 D:\phpStudy\WWW\zc-pm\GatewayWorker\Lib\Gateway.php(78): GatewayWorker\Lib\Gateway::sendCmdAndMessageToClient('000000000050000...', 5, '{"type":"say","...')
#2 D:\phpStudy\WWW\zc-pm\GatewayWorker\Event.php(99): GatewayWorker\Lib\Gateway::sendToClient('000000000050000...', '{"type":"say","...')
#3 D:\phpStudy\WWW\zc-pm\GatewayWorker\BusinessWorker.php(216): Event::onMessage('7f00000108fc000...', '{"type":"say","...')
#4 [internal function]: GatewayWorker\BusinessWorker->onGatewayMessage(Object(Workerman\Connection\AsyncTcpConnection), Array)
#5 D:\phpStudy\WWW\zc-pm\Workerman\Connection\TcpConnection.php(480): call_user_func(Array, Object(Workerman\Connection\AsyncTcpConnection), Array)
#6 [internal function]: Workerman\Connection\TcpConnection->baseRead(Resource id #24)
#7 D:\phpStudy\WWW\zc-pm\Workerman\Events\Select.php(257): call_user_func_array(Array, Array)
#8 D:\phpStudy\WWW\zc-pm\Workerman\Worker.php(808): Workerman\Events\Select->loop()
#9 D:\phpStudy\WWW\zc-pm\GatewayWorker\BusinessWorker.php(96): Workerman\Worker->run()
#10 D:\phpStudy\WWW\zc-pm\Workerman\Worker.php(457): GatewayWorker\BusinessWorker->run()
#11 D:\phpStudy\WWW\zc-pm\Workerman\Worker.php(366): Workerman\Worker::runAllWorkers()
#12 D:\phpStudy\WWW\zc-pm\Application\Chat\start_businessworker.php(36): Workerman\Worker::runAll()
#13 {main}
2017-04-13 11:10:13 client_id:7f00000108fc0000000d	client_ip:2130706433
exception 'Exception' with message 'client_id 000000000050000000090 is invalid' in D:\phpStudy\WWW\zc-pm\GatewayWorker\Lib\Context.php:102
Stack trace:
#0 D:\phpStudy\WWW\zc-pm\GatewayWorker\Lib\Gateway.php(452): GatewayWorker\Lib\Context::clientIdToAddress('000000000050000...')
#1 D:\phpStudy\WWW\zc-pm\GatewayWorker\Lib\Gateway.php(78): GatewayWorker\Lib\Gateway::sendCmdAndMessageToClient('000000000050000...', 5, '{"type":"say","...')
#2 D:\phpStudy\WWW\zc-pm\GatewayWorker\Event.php(99): GatewayWorker\Lib\Gateway::sendToClient('000000000050000...', '{"type":"say","...')
#3 D:\phpStudy\WWW\zc-pm\GatewayWorker\BusinessWorker.php(216): Event::onMessage('7f00000108fc000...', '{"type":"say","...')
#4 [internal function]: GatewayWorker\BusinessWorker->onGatewayMessage(Object(Workerman\Connection\AsyncTcpConnection), Array)
#5 D:\phpStudy\WWW\zc-pm\Workerman\Connection\TcpConnection.php(480): call_user_func(Array, Object(Workerman\Connection\AsyncTcpConnection), Array)
#6 [internal function]: Workerman\Connection\TcpConnection->baseRead(Resource id #24)
#7 D:\phpStudy\WWW\zc-pm\Workerman\Events\Select.php(257): call_user_func_array(Array, Array)
#8 D:\phpStudy\WWW\zc-pm\Workerman\Worker.php(808): Workerman\Events\Select->loop()
#9 D:\phpStudy\WWW\zc-pm\GatewayWorker\BusinessWorker.php(96): Workerman\Worker->run()
#10 D:\phpStudy\WWW\zc-pm\Workerman\Worker.php(457): GatewayWorker\BusinessWorker->run()
#11 D:\phpStudy\WWW\zc-pm\Workerman\Worker.php(366): Workerman\Worker::runAllWorkers()
#12 D:\phpStudy\WWW\zc-pm\Application\Chat\start_businessworker.php(36): Workerman\Worker::runAll()
#13 {main}
2017-04-13 11:10:14 client_id:7f00000108fc0000000d	client_ip:2130706433
exception 'Exception' with message 'client_id 000000000050000000090 is invalid' in D:\phpStudy\WWW\zc-pm\GatewayWorker\Lib\Context.php:102
Stack trace:
#0 D:\phpStudy\WWW\zc-pm\GatewayWorker\Lib\Gateway.php(452): GatewayWorker\Lib\Context::clientIdToAddress('000000000050000...')
#1 D:\phpStudy\WWW\zc-pm\GatewayWorker\Lib\Gateway.php(78): GatewayWorker\Lib\Gateway::sendCmdAndMessageToClient('000000000050000...', 5, '{"type":"say","...')
#2 D:\phpStudy\WWW\zc-pm\GatewayWorker\Event.php(99): GatewayWorker\Lib\Gateway::sendToClient('000000000050000...', '{"type":"say","...')
#3 D:\phpStudy\WWW\zc-pm\GatewayWorker\BusinessWorker.php(216): Event::onMessage('7f00000108fc000...', '{"type":"say","...')
#4 [internal function]: GatewayWorker\BusinessWorker->onGatewayMessage(Object(Workerman\Connection\AsyncTcpConnection), Array)
#5 D:\phpStudy\WWW\zc-pm\Workerman\Connection\TcpConnection.php(480): call_user_func(Array, Object(Workerman\Connection\AsyncTcpConnection), Array)
#6 [internal function]: Workerman\Connection\TcpConnection->baseRead(Resource id #24)
#7 D:\phpStudy\WWW\zc-pm\Workerman\Events\Select.php(257): call_user_func_array(Array, Array)
#8 D:\phpStudy\WWW\zc-pm\Workerman\Worker.php(808): Workerman\Events\Select->loop()
#9 D:\phpStudy\WWW\zc-pm\GatewayWorker\BusinessWorker.php(96): Workerman\Worker->run()
#10 D:\phpStudy\WWW\zc-pm\Workerman\Worker.php(457): GatewayWorker\BusinessWorker->run()
#11 D:\phpStudy\WWW\zc-pm\Workerman\Worker.php(366): Workerman\Worker::runAllWorkers()
#12 D:\phpStudy\WWW\zc-pm\Application\Chat\start_businessworker.php(36): Workerman\Worker::runAll()
#13 {main}
2017-04-13 11:10:14 client_id:7f00000108fc0000000d	client_ip:2130706433
exception 'Exception' with message 'client_id 000000000050000000090 is invalid' in D:\phpStudy\WWW\zc-pm\GatewayWorker\Lib\Context.php:102
Stack trace:
#0 D:\phpStudy\WWW\zc-pm\GatewayWorker\Lib\Gateway.php(452): GatewayWorker\Lib\Context::clientIdToAddress('000000000050000...')
#1 D:\phpStudy\WWW\zc-pm\GatewayWorker\Lib\Gateway.php(78): GatewayWorker\Lib\Gateway::sendCmdAndMessageToClient('000000000050000...', 5, '{"type":"say","...')
#2 D:\phpStudy\WWW\zc-pm\GatewayWorker\Event.php(99): GatewayWorker\Lib\Gateway::sendToClient('000000000050000...', '{"type":"say","...')
#3 D:\phpStudy\WWW\zc-pm\GatewayWorker\BusinessWorker.php(216): Event::onMessage('7f00000108fc000...', '{"type":"say","...')
#4 [internal function]: GatewayWorker\BusinessWorker->onGatewayMessage(Object(Workerman\Connection\AsyncTcpConnection), Array)
#5 D:\phpStudy\WWW\zc-pm\Workerman\Connection\TcpConnection.php(480): call_user_func(Array, Object(Workerman\Connection\AsyncTcpConnection), Array)
#6 [internal function]: Workerman\Connection\TcpConnection->baseRead(Resource id #24)
#7 D:\phpStudy\WWW\zc-pm\Workerman\Events\Select.php(257): call_user_func_array(Array, Array)
#8 D:\phpStudy\WWW\zc-pm\Workerman\Worker.php(808): Workerman\Events\Select->loop()
#9 D:\phpStudy\WWW\zc-pm\GatewayWorker\BusinessWorker.php(96): Workerman\Worker->run()
#10 D:\phpStudy\WWW\zc-pm\Workerman\Worker.php(457): GatewayWorker\BusinessWorker->run()
#11 D:\phpStudy\WWW\zc-pm\Workerman\Worker.php(366): Workerman\Worker::runAllWorkers()
#12 D:\phpStudy\WWW\zc-pm\Application\Chat\start_businessworker.php(36): Workerman\Worker::runAll()
#13 {main}
2017-04-13 11:10:14 client_id:7f00000108fc0000000d	client_ip:2130706433
exception 'Exception' with message 'client_id 000000000050000000090 is invalid' in D:\phpStudy\WWW\zc-pm\GatewayWorker\Lib\Context.php:102
Stack trace:
#0 D:\phpStudy\WWW\zc-pm\GatewayWorker\Lib\Gateway.php(452): GatewayWorker\Lib\Context::clientIdToAddress('000000000050000...')
#1 D:\phpStudy\WWW\zc-pm\GatewayWorker\Lib\Gateway.php(78): GatewayWorker\Lib\Gateway::sendCmdAndMessageToClient('000000000050000...', 5, '{"type":"say","...')
#2 D:\phpStudy\WWW\zc-pm\GatewayWorker\Event.php(99): GatewayWorker\Lib\Gateway::sendToClient('000000000050000...', '{"type":"say","...')
#3 D:\phpStudy\WWW\zc-pm\GatewayWorker\BusinessWorker.php(216): Event::onMessage('7f00000108fc000...', '{"type":"say","...')
#4 [internal function]: GatewayWorker\BusinessWorker->onGatewayMessage(Object(Workerman\Connection\AsyncTcpConnection), Array)
#5 D:\phpStudy\WWW\zc-pm\Workerman\Connection\TcpConnection.php(480): call_user_func(Array, Object(Workerman\Connection\AsyncTcpConnection), Array)
#6 [internal function]: Workerman\Connection\TcpConnection->baseRead(Resource id #24)
#7 D:\phpStudy\WWW\zc-pm\Workerman\Events\Select.php(257): call_user_func_array(Array, Array)
#8 D:\phpStudy\WWW\zc-pm\Workerman\Worker.php(808): Workerman\Events\Select->loop()
#9 D:\phpStudy\WWW\zc-pm\GatewayWorker\BusinessWorker.php(96): Workerman\Worker->run()
#10 D:\phpStudy\WWW\zc-pm\Workerman\Worker.php(457): GatewayWorker\BusinessWorker->run()
#11 D:\phpStudy\WWW\zc-pm\Workerman\Worker.php(366): Workerman\Worker::runAllWorkers()
#12 D:\phpStudy\WWW\zc-pm\Application\Chat\start_businessworker.php(36): Workerman\Worker::runAll()
#13 {main}
2017-04-13 11:10:14 client_id:7f00000108fc0000000d	client_ip:2130706433
exception 'Exception' with message 'client_id 000000000050000000090 is invalid' in D:\phpStudy\WWW\zc-pm\GatewayWorker\Lib\Context.php:102
Stack trace:
#0 D:\phpStudy\WWW\zc-pm\GatewayWorker\Lib\Gateway.php(452): GatewayWorker\Lib\Context::clientIdToAddress('000000000050000...')
#1 D:\phpStudy\WWW\zc-pm\GatewayWorker\Lib\Gateway.php(78): GatewayWorker\Lib\Gateway::sendCmdAndMessageToClient('000000000050000...', 5, '{"type":"say","...')
#2 D:\phpStudy\WWW\zc-pm\GatewayWorker\Event.php(99): GatewayWorker\Lib\Gateway::sendToClient('000000000050000...', '{"type":"say","...')
#3 D:\phpStudy\WWW\zc-pm\GatewayWorker\BusinessWorker.php(216): Event::onMessage('7f00000108fc000...', '{"type":"say","...')
#4 [internal function]: GatewayWorker\BusinessWorker->onGatewayMessage(Object(Workerman\Connection\AsyncTcpConnection), Array)
#5 D:\phpStudy\WWW\zc-pm\Workerman\Connection\TcpConnection.php(480): call_user_func(Array, Object(Workerman\Connection\AsyncTcpConnection), Array)
#6 [internal function]: Workerman\Connection\TcpConnection->baseRead(Resource id #24)
#7 D:\phpStudy\WWW\zc-pm\Workerman\Events\Select.php(257): call_user_func_array(Array, Array)
#8 D:\phpStudy\WWW\zc-pm\Workerman\Worker.php(808): Workerman\Events\Select->loop()
#9 D:\phpStudy\WWW\zc-pm\GatewayWorker\BusinessWorker.php(96): Workerman\Worker->run()
#10 D:\phpStudy\WWW\zc-pm\Workerman\Worker.php(457): GatewayWorker\BusinessWorker->run()
#11 D:\phpStudy\WWW\zc-pm\Workerman\Worker.php(366): Workerman\Worker::runAllWorkers()
#12 D:\phpStudy\WWW\zc-pm\Application\Chat\start_businessworker.php(36): Workerman\Worker::runAll()
#13 {main}
